This file consists of command executuon and it's output to deploy TOGAF chatbot on Oracle Cloud Virtual Machine.
This includes commands executed on VM as well as on terminal on my laptop.


(base) Rajeshs-MacBook-Pro:~ rajeshranjan$ cd RajeshWork/Oracle_Gen_AI/
(base) Rajeshs-MacBook-Pro:Oracle_Gen_AI rajeshranjan$ ls
FromGitHub          Gen_AI_Demo_Notebooks (2).zip   ou-generativeai-pro     pdf.pdf
FromMyGithub            Links_info_POC          ou-generativeai-pro-main    pythonProject
Gen AI Demo  Notebooks      chroma.log          ou-generativeai-pro-main.zip    pythonProject1
GenAI_POCs_MyGithub     chromadb            pdf-docs
(base) Rajeshs-MacBook-Pro:Oracle_Gen_AI rajeshranjan$ cd Links_info_POC/
.DS_Store                 Links_Info_passwords.rtf  OCI_VM_Keys/              oci_api_key_public.pem    
Latest_VM_Keys/           Links_Info_passwords.txt  oci_api_key.pem           
(base) Rajeshs-MacBook-Pro:Oracle_Gen_AI rajeshranjan$ cd Links_info_POC/Latest_VM_Keys/
(base) Rajeshs-MacBook-Pro:Latest_VM_Keys rajeshranjan$ ls
ubuntu-vm-priv.key  ubuntu-vm-public.key
(base) Rajeshs-MacBook-Pro:Latest_VM_Keys rajeshranjan$ scp -i ubuntu-vm-priv.key ubuntu@149.130.223.84
usage: scp [-346ABCOpqRrsTv] [-c cipher] [-D sftp_server_path] [-F ssh_config]
           [-i identity_file] [-J destination] [-l limit] [-o ssh_option]
           [-P port] [-S program] [-X sftp_option] source ... target
(base) Rajeshs-MacBook-Pro:Latest_VM_Keys rajeshranjan$ scp
usage: scp [-346ABCOpqRrsTv] [-c cipher] [-D sftp_server_path] [-F ssh_config]
           [-i identity_file] [-J destination] [-l limit] [-o ssh_option]
           [-P port] [-S program] [-X sftp_option] source ... target


(base) Rajeshs-MacBook-Pro:Latest_VM_Keys rajeshranjan$ ssh -i ubuntu-vm-priv.key ubuntu@149.130.223.84
The authenticity of host '149.130.223.84 (149.130.223.84)' can't be established.
ED25519 key fingerprint is SHA256:tBBBGp4Vg0Di805oHGo7lVv9XfRgUPI0AAg5mFsJDpk.
This key is not known by any other names.
Are you sure you want to continue connecting (yes/no/[fingerprint])? yes
Warning: Permanently added '149.130.223.84' (ED25519) to the list of known hosts.
@@@@@@@@@@@@@@@@@@@@@@@@@@@@@@@@@@@@@@@@@@@@@@@@@@@@@@@@@@@
@         WARNING: UNPROTECTED PRIVATE KEY FILE!          @
@@@@@@@@@@@@@@@@@@@@@@@@@@@@@@@@@@@@@@@@@@@@@@@@@@@@@@@@@@@
Permissions 0644 for 'ubuntu-vm-priv.key' are too open.
It is required that your private key files are NOT accessible by others.
This private key will be ignored.
Load key "ubuntu-vm-priv.key": bad permissions
ubuntu@149.130.223.84: Permission denied (publickey).
(base) Rajeshs-MacBook-Pro:Latest_VM_Keys rajeshranjan$ chmod 400 *
(base) Rajeshs-MacBook-Pro:Latest_VM_Keys rajeshranjan$ ssh -i ubuntu-vm-priv.key ubuntu@149.130.223.84
Welcome to Ubuntu 22.04.4 LTS (GNU/Linux 6.5.0-1023-oracle x86_64)

 * Documentation:  https://help.ubuntu.com
 * Management:     https://landscape.canonical.com
 * Support:        https://ubuntu.com/pro

 System information as of Sat Jun 22 15:40:30 UTC 2024

  System load:  0.0               Processes:             130
  Usage of /:   5.1% of 44.96GB   Users logged in:       0
  Memory usage: 0%                IPv4 address for ens3: 10.0.0.204
  Swap usage:   0%

Expanded Security Maintenance for Applications is not enabled.

5 updates can be applied immediately.
To see these additional updates run: apt list --upgradable

Enable ESM Apps to receive additional future security updates.
See https://ubuntu.com/esm or run: sudo pro status



The programs included with the Ubuntu system are free software;
the exact distribution terms for each program are described in the
individual files in /usr/share/doc/*/copyright.

Ubuntu comes with ABSOLUTELY NO WARRANTY, to the extent permitted by
applicable law.

To run a command as administrator (user "root"), use "sudo <command>".
See "man sudo_root" for details.

ubuntu@instance-20240622-2327:~$ ls
ubuntu@instance-20240622-2327:~$ pwd
/home/ubuntu
ubuntu@instance-20240622-2327:~$ mkdir src
ubuntu@instance-20240622-2327:~$ mkdir ouenv
ubuntu@instance-20240622-2327:~$ ls
ouenv  src
ubuntu@instance-20240622-2327:~$ ls -ltr
total 8
drwxrwxr-x 2 ubuntu ubuntu 4096 Jun 22 15:41 src
drwxrwxr-x 2 ubuntu ubuntu 4096 Jun 22 15:42 ouenv
ubuntu@instance-20240622-2327:~$ rm ouenv
rm: cannot remove 'ouenv': Is a directory
ubuntu@instance-20240622-2327:~$ rm -rf ouenv
ubuntu@instance-20240622-2327:~$ sudo apt updte && sudo apt update
E: Invalid operation updte
ubuntu@instance-20240622-2327:~$ sudo apt update && sudo apt update

ubuntu@instance-20240622-2327:~$ sudo apt update && sudo apt update
Get:1 http://us-chicago-1-ad-2.clouds.archive.ubuntu.com/ubuntu jammy InRelease [270 kB]
Hit:2 http://security.ubuntu.com/ubuntu jammy-security InRelease                       
Get:3 http://us-chicago-1-ad-2.clouds.archive.ubuntu.com/ubuntu jammy-updates InRelease [128 kB]
Get:4 http://us-chicago-1-ad-2.clouds.archive.ubuntu.com/ubuntu jammy-backports InRelease [127 kB]
Fetched 525 kB in 1s (730 kB/s)    
Reading package lists... Done
Building dependency tree... Done
Reading state information... Done
5 packages can be upgraded. Run 'apt list --upgradable' to see them.
Hit:1 http://security.ubuntu.com/ubuntu jammy-security InRelease
Hit:2 http://us-chicago-1-ad-2.clouds.archive.ubuntu.com/ubuntu jammy InRelease
Get:3 http://us-chicago-1-ad-2.clouds.archive.ubuntu.com/ubuntu jammy-updates InRelease [128 kB]
Hit:4 http://us-chicago-1-ad-2.clouds.archive.ubuntu.com/ubuntu jammy-backports InRelease
Fetched 128 kB in 1s (169 kB/s)
Reading package lists... Done
Building dependency tree... Done
Reading state information... Done
5 packages can be upgraded. Run 'apt list --upgradable' to see them.
ubuntu@instance-20240622-2327:~$ 


ubuntu@instance-20240622-2327:~$ sudo apt install python3
Reading package lists... Done
Building dependency tree... Done
Reading state information... Done
python3 is already the newest version (3.10.6-1~22.04).
python3 set to manually installed.
0 upgraded, 0 newly installed, 0 to remove and 5 not upgraded.
ubuntu@instance-20240622-2327:~$ 



ubuntu@instance-20240622-2327:~$ sudo apt install python3-virtualenv
Reading package lists... Done
Building dependency tree... Done
Reading state information... Done
The following additional packages will be installed:
  build-essential bzip2 cpp cpp-11 dpkg-dev fakeroot fontconfig-config fonts-dejavu-core g++ g++-11 gcc gcc-11 gcc-11-base javascript-common
  libalgorithm-diff-perl libalgorithm-diff-xs-perl libalgorithm-merge-perl libasan6 libatomic1 libc-dev-bin libc-devtools libc6-dev libcc1-0 libcrypt-dev
  libdeflate0 libdpkg-perl libexpat1-dev libfakeroot libfile-fcntllock-perl libfontconfig1 libgcc-11-dev libgd3 libgomp1 libisl23 libitm1 libjbig0
  libjpeg-turbo8 libjpeg8 libjs-jquery libjs-sphinxdoc libjs-underscore liblsan0 libmpc3 libnsl-dev libpython3-dev libpython3.10-dev libquadmath0
  libstdc++-11-dev libtiff5 libtirpc-dev libtsan0 libubsan1 libwebp7 libxpm4 linux-libc-dev lto-disabled-list make manpages-dev python3-dev
  python3-distlib python3-filelock python3-pip python3-pip-whl python3-platformdirs python3-setuptools-whl python3-wheel python3-wheel-whl python3.10-dev
  rpcsvc-proto zlib1g-dev
Suggested packages:
  bzip2-doc cpp-doc gcc-11-locales debian-keyring g++-multilib g++-11-multilib gcc-11-doc gcc-multilib autoconf automake libtool flex bison gdb gcc-doc
  gcc-11-multilib apache2 | lighttpd | httpd glibc-doc bzr libgd-tools libstdc++-11-doc make-doc python2-pip-whl python2-setuptools-whl
The following NEW packages will be installed:
  build-essential bzip2 cpp cpp-11 dpkg-dev fakeroot fontconfig-config fonts-dejavu-core g++ g++-11 gcc gcc-11 gcc-11-base javascript-common
  libalgorithm-diff-perl libalgorithm-diff-xs-perl libalgorithm-merge-perl libasan6 libatomic1 libc-dev-bin libc-devtools libc6-dev libcc1-0 libcrypt-dev
  libdeflate0 libdpkg-perl libexpat1-dev libfakeroot libfile-fcntllock-perl libfontconfig1 libgcc-11-dev libgd3 libgomp1 libisl23 libitm1 libjbig0
  libjpeg-turbo8 libjpeg8 libjs-jquery libjs-sphinxdoc libjs-underscore liblsan0 libmpc3 libnsl-dev libpython3-dev libpython3.10-dev libquadmath0
  libstdc++-11-dev libtiff5 libtirpc-dev libtsan0 libubsan1 libwebp7 libxpm4 linux-libc-dev lto-disabled-list make manpages-dev python3-dev
  python3-distlib python3-filelock python3-pip python3-pip-whl python3-platformdirs python3-setuptools-whl python3-virtualenv python3-wheel
  python3-wheel-whl python3.10-dev rpcsvc-proto zlib1g-dev
0 upgraded, 71 newly installed, 0 to remove and 5 not upgraded.
Need to get 74.2 MB of archives.
After this operation, 244 MB of additional disk space will be used.
Do you want to continue? [Y/n] Y
Get:1 http://us-chicago-1-ad-2.clouds.archive.ubuntu.com/ubuntu jammy-updates/main amd64 libc-dev-bin amd64 2.35-0ubuntu3.8 [20.3 kB]
Get:2 http://us-chicago-1-ad-2.clouds.archive.ubuntu.com/ubuntu jammy-updates/main amd64 linux-libc-dev amd64 5.15.0-112.122 [1342 kB]
Get:3 http://us-chicago-1-ad-2.clouds.archive.ubuntu.com/ubuntu jammy/main amd64 libcrypt-dev amd64 1:4.4.27-1 [112 kB]
Get:4 http://us-chicago-1-ad-2.clouds.archive.ubuntu.com/ubuntu jammy/main amd64 rpcsvc-proto amd64 1.4.2-0ubuntu6 [68.5 kB]
Get:5 http://us-chicago-1-ad-2.clouds.archive.ubuntu.com/ubuntu jammy-updates/main amd64 libtirpc-dev amd64 1.3.2-2ubuntu0.1 [192 kB]
Get:6 http://us-chicago-1-ad-2.clouds.archive.ubuntu.com/ubuntu jammy/main amd64 libnsl-dev amd64 1.3.0-2build2 [71.3 kB]
Get:7 http://us-chicago-1-ad-2.clouds.archive.ubuntu.com/ubuntu jammy-updates/main amd64 libc6-dev amd64 2.35-0ubuntu3.8 [2100 kB]
Get:8 http://us-chicago-1-ad-2.clouds.archive.ubuntu.com/ubuntu jammy-updates/main amd64 gcc-11-base amd64 11.4.0-1ubuntu1~22.04 [20.2 kB]
Get:9 http://us-chicago-1-ad-2.clouds.archive.ubuntu.com/ubuntu jammy/main amd64 libisl23 amd64 0.24-2build1 [727 kB]
Get:10 http://us-chicago-1-ad-2.clouds.archive.ubuntu.com/ubuntu jammy/main amd64 libmpc3 amd64 1.2.1-2build1 [46.9 kB]
Get:11 http://us-chicago-1-ad-2.clouds.archive.ubuntu.com/ubuntu jammy-updates/main amd64 cpp-11 amd64 11.4.0-1ubuntu1~22.04 [10.0 MB]
Get:12 http://us-chicago-1-ad-2.clouds.archive.ubuntu.com/ubuntu jammy/main amd64 cpp amd64 4:11.2.0-1ubuntu1 [27.7 kB]
Get:13 http://us-chicago-1-ad-2.clouds.archive.ubuntu.com/ubuntu jammy-updates/main amd64 libcc1-0 amd64 12.3.0-1ubuntu1~22.04 [48.3 kB]
Get:14 http://us-chicago-1-ad-2.clouds.archive.ubuntu.com/ubuntu jammy-updates/main amd64 libgomp1 amd64 12.3.0-1ubuntu1~22.04 [126 kB]
Get:15 http://us-chicago-1-ad-2.clouds.archive.ubuntu.com/ubuntu jammy-updates/main amd64 libitm1 amd64 12.3.0-1ubuntu1~22.04 [30.2 kB]
Get:16 http://us-chicago-1-ad-2.clouds.archive.ubuntu.com/ubuntu jammy-updates/main amd64 libatomic1 amd64 12.3.0-1ubuntu1~22.04 [10.4 kB]
Get:17 http://us-chicago-1-ad-2.clouds.archive.ubuntu.com/ubuntu jammy-updates/main amd64 libasan6 amd64 11.4.0-1ubuntu1~22.04 [2282 kB]
Get:18 http://us-chicago-1-ad-2.clouds.archive.ubuntu.com/ubuntu jammy-updates/main amd64 liblsan0 amd64 12.3.0-1ubuntu1~22.04 [1069 kB]
Get:19 http://us-chicago-1-ad-2.clouds.archive.ubuntu.com/ubuntu jammy-updates/main amd64 libtsan0 amd64 11.4.0-1ubuntu1~22.04 [2260 kB]
Get:20 http://us-chicago-1-ad-2.clouds.archive.ubuntu.com/ubuntu jammy-updates/main amd64 libubsan1 amd64 12.3.0-1ubuntu1~22.04 [976 kB]
Get:21 http://us-chicago-1-ad-2.clouds.archive.ubuntu.com/ubuntu jammy-updates/main amd64 libquadmath0 amd64 12.3.0-1ubuntu1~22.04 [154 kB]
Get:22 http://us-chicago-1-ad-2.clouds.archive.ubuntu.com/ubuntu jammy-updates/main amd64 libgcc-11-dev amd64 11.4.0-1ubuntu1~22.04 [2517 kB]
Get:23 http://us-chicago-1-ad-2.clouds.archive.ubuntu.com/ubuntu jammy-updates/main amd64 gcc-11 amd64 11.4.0-1ubuntu1~22.04 [20.1 MB]
Get:24 http://us-chicago-1-ad-2.clouds.archive.ubuntu.com/ubuntu jammy/main amd64 gcc amd64 4:11.2.0-1ubuntu1 [5112 B]
Get:25 http://us-chicago-1-ad-2.clouds.archive.ubuntu.com/ubuntu jammy-updates/main amd64 libstdc++-11-dev amd64 11.4.0-1ubuntu1~22.04 [2101 kB]
Get:26 http://us-chicago-1-ad-2.clouds.archive.ubuntu.com/ubuntu jammy-updates/main amd64 g++-11 amd64 11.4.0-1ubuntu1~22.04 [11.4 MB]
Get:27 http://us-chicago-1-ad-2.clouds.archive.ubuntu.com/ubuntu jammy/main amd64 g++ amd64 4:11.2.0-1ubuntu1 [1412 B]
Get:28 http://us-chicago-1-ad-2.clouds.archive.ubuntu.com/ubuntu jammy/main amd64 make amd64 4.3-4.1build1 [180 kB]
Get:29 http://us-chicago-1-ad-2.clouds.archive.ubuntu.com/ubuntu jammy-updates/main amd64 libdpkg-perl all 1.21.1ubuntu2.3 [237 kB]
Get:30 http://us-chicago-1-ad-2.clouds.archive.ubuntu.com/ubuntu jammy/main amd64 bzip2 amd64 1.0.8-5build1 [34.8 kB]
Get:31 http://us-chicago-1-ad-2.clouds.archive.ubuntu.com/ubuntu jammy/main amd64 lto-disabled-list all 24 [12.5 kB]
Get:32 http://us-chicago-1-ad-2.clouds.archive.ubuntu.com/ubuntu jammy-updates/main amd64 dpkg-dev all 1.21.1ubuntu2.3 [922 kB]
Get:33 http://us-chicago-1-ad-2.clouds.archive.ubuntu.com/ubuntu jammy/main amd64 build-essential amd64 12.9ubuntu3 [4744 B]
Get:34 http://us-chicago-1-ad-2.clouds.archive.ubuntu.com/ubuntu jammy/main amd64 libfakeroot amd64 1.28-1ubuntu1 [31.5 kB]
Get:35 http://us-chicago-1-ad-2.clouds.archive.ubuntu.com/ubuntu jammy/main amd64 fakeroot amd64 1.28-1ubuntu1 [60.4 kB]
Get:36 http://us-chicago-1-ad-2.clouds.archive.ubuntu.com/ubuntu jammy/main amd64 fonts-dejavu-core all 2.37-2build1 [1041 kB]
Get:37 http://us-chicago-1-ad-2.clouds.archive.ubuntu.com/ubuntu jammy/main amd64 fontconfig-config all 2.13.1-4.2ubuntu5 [29.1 kB]
Get:38 http://us-chicago-1-ad-2.clouds.archive.ubuntu.com/ubuntu jammy/main amd64 javascript-common all 11+nmu1 [5936 B]
Get:39 http://us-chicago-1-ad-2.clouds.archive.ubuntu.com/ubuntu jammy/main amd64 libalgorithm-diff-perl all 1.201-1 [41.8 kB]
Get:40 http://us-chicago-1-ad-2.clouds.archive.ubuntu.com/ubuntu jammy/main amd64 libalgorithm-diff-xs-perl amd64 0.04-6build3 [11.9 kB]
Get:41 http://us-chicago-1-ad-2.clouds.archive.ubuntu.com/ubuntu jammy/main amd64 libalgorithm-merge-perl all 0.08-3 [12.0 kB]
Get:42 http://us-chicago-1-ad-2.clouds.archive.ubuntu.com/ubuntu jammy/main amd64 libfontconfig1 amd64 2.13.1-4.2ubuntu5 [131 kB]
Get:43 http://us-chicago-1-ad-2.clouds.archive.ubuntu.com/ubuntu jammy/main amd64 libjpeg-turbo8 amd64 2.1.2-0ubuntu1 [134 kB]
Get:44 http://us-chicago-1-ad-2.clouds.archive.ubuntu.com/ubuntu jammy/main amd64 libjpeg8 amd64 8c-2ubuntu10 [2264 B]
Get:45 http://us-chicago-1-ad-2.clouds.archive.ubuntu.com/ubuntu jammy/main amd64 libdeflate0 amd64 1.10-2 [70.9 kB]
Get:46 http://us-chicago-1-ad-2.clouds.archive.ubuntu.com/ubuntu jammy-updates/main amd64 libjbig0 amd64 2.1-3.1ubuntu0.22.04.1 [29.2 kB]
Get:47 http://us-chicago-1-ad-2.clouds.archive.ubuntu.com/ubuntu jammy-updates/main amd64 libwebp7 amd64 1.2.2-2ubuntu0.22.04.2 [206 kB]
Get:48 http://us-chicago-1-ad-2.clouds.archive.ubuntu.com/ubuntu jammy-updates/main amd64 libtiff5 amd64 4.3.0-6ubuntu0.9 [185 kB]
Get:49 http://us-chicago-1-ad-2.clouds.archive.ubuntu.com/ubuntu jammy-updates/main amd64 libxpm4 amd64 1:3.5.12-1ubuntu0.22.04.2 [36.7 kB]
Get:50 http://us-chicago-1-ad-2.clouds.archive.ubuntu.com/ubuntu jammy/main amd64 libgd3 amd64 2.3.0-2ubuntu2 [129 kB]
Get:51 http://us-chicago-1-ad-2.clouds.archive.ubuntu.com/ubuntu jammy-updates/main amd64 libc-devtools amd64 2.35-0ubuntu3.8 [28.9 kB]
Get:52 http://us-chicago-1-ad-2.clouds.archive.ubuntu.com/ubuntu jammy-updates/main amd64 libexpat1-dev amd64 2.4.7-1ubuntu0.3 [147 kB]
Get:53 http://us-chicago-1-ad-2.clouds.archive.ubuntu.com/ubuntu jammy/main amd64 libfile-fcntllock-perl amd64 0.22-3build7 [33.9 kB]
Get:54 http://us-chicago-1-ad-2.clouds.archive.ubuntu.com/ubuntu jammy/main amd64 libjs-jquery all 3.6.0+dfsg+~3.5.13-1 [321 kB]
Get:55 http://us-chicago-1-ad-2.clouds.archive.ubuntu.com/ubuntu jammy/main amd64 libjs-underscore all 1.13.2~dfsg-2 [118 kB]
Get:56 http://us-chicago-1-ad-2.clouds.archive.ubuntu.com/ubuntu jammy/main amd64 libjs-sphinxdoc all 4.3.2-1 [139 kB]
Get:57 http://us-chicago-1-ad-2.clouds.archive.ubuntu.com/ubuntu jammy-updates/main amd64 zlib1g-dev amd64 1:1.2.11.dfsg-2ubuntu9.2 [164 kB]
Get:58 http://us-chicago-1-ad-2.clouds.archive.ubuntu.com/ubuntu jammy-updates/main amd64 libpython3.10-dev amd64 3.10.12-1~22.04.3 [4762 kB]
Get:59 http://us-chicago-1-ad-2.clouds.archive.ubuntu.com/ubuntu jammy-updates/main amd64 libpython3-dev amd64 3.10.6-1~22.04 [7166 B]
Get:60 http://us-chicago-1-ad-2.clouds.archive.ubuntu.com/ubuntu jammy/main amd64 manpages-dev all 5.10-1ubuntu1 [2309 kB]
Get:61 http://us-chicago-1-ad-2.clouds.archive.ubuntu.com/ubuntu jammy-updates/main amd64 python3.10-dev amd64 3.10.12-1~22.04.3 [507 kB]
Get:62 http://us-chicago-1-ad-2.clouds.archive.ubuntu.com/ubuntu jammy-updates/main amd64 python3-dev amd64 3.10.6-1~22.04 [26.0 kB]
Get:63 http://us-chicago-1-ad-2.clouds.archive.ubuntu.com/ubuntu jammy/universe amd64 python3-distlib all 0.3.4-1 [269 kB]
Get:64 http://us-chicago-1-ad-2.clouds.archive.ubuntu.com/ubuntu jammy/universe amd64 python3-filelock all 3.6.0-1 [8788 B]
Get:65 http://us-chicago-1-ad-2.clouds.archive.ubuntu.com/ubuntu jammy-updates/universe amd64 python3-wheel all 0.37.1-2ubuntu0.22.04.1 [32.0 kB]
Get:66 http://us-chicago-1-ad-2.clouds.archive.ubuntu.com/ubuntu jammy-updates/universe amd64 python3-pip all 22.0.2+dfsg-1ubuntu0.4 [1305 kB]
Get:67 http://us-chicago-1-ad-2.clouds.archive.ubuntu.com/ubuntu jammy-updates/universe amd64 python3-pip-whl all 22.0.2+dfsg-1ubuntu0.4 [1680 kB]
Get:68 http://us-chicago-1-ad-2.clouds.archive.ubuntu.com/ubuntu jammy/universe amd64 python3-platformdirs all 2.5.1-1 [14.2 kB]
Get:69 http://us-chicago-1-ad-2.clouds.archive.ubuntu.com/ubuntu jammy-updates/universe amd64 python3-setuptools-whl all 59.6.0-1.2ubuntu0.22.04.1 [788 kB]
Get:70 http://us-chicago-1-ad-2.clouds.archive.ubuntu.com/ubuntu jammy-updates/universe amd64 python3-wheel-whl all 0.37.1-2ubuntu0.22.04.1 [38.0 kB]
Get:71 http://us-chicago-1-ad-2.clouds.archive.ubuntu.com/ubuntu jammy/universe amd64 python3-virtualenv all 20.13.0+ds-2 [80.3 kB]
 [.............................................................................................................................................................] 
 [..............................................................................................................................................................] 
(Reading database ... 72705 files and directories currently installed.)..........................................................................................] 
Preparing to unpack .../00-libc-dev-bin_2.35-0ubuntu3.8_amd64.deb ...
Unpacking libc-dev-bin (2.35-0ubuntu3.8) ...
Selecting previously unselected package linux-libc-dev:amd64.
Preparing to unpack .../01-linux-libc-dev_5.15.0-112.122_amd64.deb ...
Unpacking linux-libc-dev:amd64 (5.15.0-112.122) ...
Selecting previously unselected package libtirpc-dev:amd64.......................................................................................................] 
Preparing to unpack .../04-libtirpc-dev_1.3.2-2ubuntu0.1_amd64.deb ...
Unpacking libtirpc-dev:amd64 (1.3.2-2ubuntu0.1) ...
Selecting previously unselected package libnsl-dev:amd64.
Preparing to unpack .../05-libnsl-dev_1.3.0-2build2_amd64.deb ...
Unpacking libnsl-dev:amd64 (1.3.0-2build2) ...
Selecting previously unselected package libc6-dev:amd64.
Preparing to unpack .../06-libc6-dev_2.35-0ubuntu3.8_amd64.deb ...
Unpacking libc6-dev:amd64 (2.35-0ubuntu3.8) ...
Selecting previously unselected package gcc-11-base:amd64.
Preparing to unpack .../07-gcc-11-base_11.4.0-1ubuntu1~22.04_amd64.deb ...
Unpacking gcc-11-base:amd64 (11.4.0-1ubuntu1~22.04) ...
Selecting previously unselected package libisl23:amd64.
Preparing to unpack .../08-libisl23_0.24-2build1_amd64.deb ...
Unpacking libisl23:amd64 (0.24-2build1) ...
Selecting previously unselected package libmpc3:amd64.
Preparing to unpack .../09-libmpc3_1.2.1-2build1_amd64.deb ...
Unpacking libmpc3:amd64 (1.2.1-2build1) ...
Selecting previously unselected package cpp-11.
Preparing to unpack .../10-cpp-11_11.4.0-1ubuntu1~22.04_amd64.deb ...
Unpacking cpp-11 (11.4.0-1ubuntu1~22.04) ...
Selecting previously unselected package cpp.
Preparing to unpack .../11-cpp_4%3a11.2.0-1ubuntu1_amd64.deb ...
Unpacking cpp (4:11.2.0-1ubuntu1) ...
Selecting previously unselected package libcc1-0:amd64.
Preparing to unpack .../12-libcc1-0_12.3.0-1ubuntu1~22.04_amd64.deb ...
Unpacking libcc1-0:amd64 (12.3.0-1ubuntu1~22.04) ...
Selecting previously unselected package libgomp1:amd64.
Preparing to unpack .../13-libgomp1_12.3.0-1ubuntu1~22.04_amd64.deb ...
Unpacking libgomp1:amd64 (12.3.0-1ubuntu1~22.04) ...
Selecting previously unselected package libitm1:amd64.
Preparing to unpack .../14-libitm1_12.3.0-1ubuntu1~22.04_amd64.deb ...
Unpacking libitm1:amd64 (12.3.0-1ubuntu1~22.04) ...
Selecting previously unselected package libatomic1:amd64.
Preparing to unpack .../15-libatomic1_12.3.0-1ubuntu1~22.04_amd64.deb ...
Unpacking libatomic1:amd64 (12.3.0-1ubuntu1~22.04) ...
Selecting previously unselected package libasan6:amd64.
Preparing to unpack .../16-libasan6_11.4.0-1ubuntu1~22.04_amd64.deb ...
Unpacking libasan6:amd64 (11.4.0-1ubuntu1~22.04) ...
Selecting previously unselected package liblsan0:amd64.
Preparing to unpack .../17-liblsan0_12.3.0-1ubuntu1~22.04_amd64.deb ...
Unpacking liblsan0:amd64 (12.3.0-1ubuntu1~22.04) ...
Selecting previously unselected package libtsan0:amd64.
Preparing to unpack .../18-libtsan0_11.4.0-1ubuntu1~22.04_amd64.deb ...
Unpacking libtsan0:amd64 (11.4.0-1ubuntu1~22.04) ...
Selecting previously unselected package libubsan1:amd64.
Preparing to unpack .../19-libubsan1_12.3.0-1ubuntu1~22.04_amd64.deb ...
Unpacking libubsan1:amd64 (12.3.0-1ubuntu1~22.04) ...
Selecting previously unselected package libquadmath0:amd64.
Preparing to unpack .../20-libquadmath0_12.3.0-1ubuntu1~22.04_amd64.deb ...
Unpacking libquadmath0:amd64 (12.3.0-1ubuntu1~22.04) ...
Selecting previously unselected package libgcc-11-dev:amd64.
Preparing to unpack .../21-libgcc-11-dev_11.4.0-1ubuntu1~22.04_amd64.deb ...
Unpacking libgcc-11-dev:amd64 (11.4.0-1ubuntu1~22.04) ...
Selecting previously unselected package gcc-11.
Preparing to unpack .../22-gcc-11_11.4.0-1ubuntu1~22.04_amd64.deb ...
Unpacking gcc-11 (11.4.0-1ubuntu1~22.04) ...
Selecting previously unselected package gcc.
Preparing to unpack .../23-gcc_4%3a11.2.0-1ubuntu1_amd64.deb ...
Unpacking gcc (4:11.2.0-1ubuntu1) ...
Selecting previously unselected package libstdc++-11-dev:amd64.
Preparing to unpack .../24-libstdc++-11-dev_11.4.0-1ubuntu1~22.04_amd64.deb ...
Unpacking libstdc++-11-dev:amd64 (11.4.0-1ubuntu1~22.04) ...
Selecting previously unselected package g++-11.
Preparing to unpack .../25-g++-11_11.4.0-1ubuntu1~22.04_amd64.deb ...
Unpacking g++-11 (11.4.0-1ubuntu1~22.04) ...
Selecting previously unselected package g++.
Preparing to unpack .../26-g++_4%3a11.2.0-1ubuntu1_amd64.deb ...
Unpacking g++ (4:11.2.0-1ubuntu1) ...
Selecting previously unselected package make.
Preparing to unpack .../27-make_4.3-4.1build1_amd64.deb ...
Unpacking make (4.3-4.1build1) ...
Selecting previously unselected package libdpkg-perl.
Preparing to unpack .../28-libdpkg-perl_1.21.1ubuntu2.3_all.deb ...
Unpacking libdpkg-perl (1.21.1ubuntu2.3) ...
Selecting previously unselected package bzip2.
Preparing to unpack .../29-bzip2_1.0.8-5build1_amd64.deb ...
Unpacking bzip2 (1.0.8-5build1) ...
Selecting previously unselected package lto-disabled-list.
Preparing to unpack .../30-lto-disabled-list_24_all.deb ...
Unpacking lto-disabled-list (24) ...
Selecting previously unselected package dpkg-dev.
Preparing to unpack .../31-dpkg-dev_1.21.1ubuntu2.3_all.deb ...
Unpacking dpkg-dev (1.21.1ubuntu2.3) ...
Selecting previously unselected package build-essential.
Preparing to unpack .../32-build-essential_12.9ubuntu3_amd64.deb ...
Unpacking build-essential (12.9ubuntu3) ...
Selecting previously unselected package libfakeroot:amd64.
Preparing to unpack .../33-libfakeroot_1.28-1ubuntu1_amd64.deb ...
Unpacking libfakeroot:amd64 (1.28-1ubuntu1) ...
Selecting previously unselected package fakeroot.
Preparing to unpack .../34-fakeroot_1.28-1ubuntu1_amd64.deb ...
Unpacking fakeroot (1.28-1ubuntu1) ...
Selecting previously unselected package fonts-dejavu-core.
Preparing to unpack .../35-fonts-dejavu-core_2.37-2build1_all.deb ...
Unpacking fonts-dejavu-core (2.37-2build1) ...
Selecting previously unselected package fontconfig-config.
Preparing to unpack .../36-fontconfig-config_2.13.1-4.2ubuntu5_all.deb ...
Unpacking fontconfig-config (2.13.1-4.2ubuntu5) ...
Selecting previously unselected package javascript-common.
Preparing to unpack .../37-javascript-common_11+nmu1_all.deb ...
Unpacking javascript-common (11+nmu1) ...
Selecting previously unselected package libalgorithm-diff-perl.
Preparing to unpack .../38-libalgorithm-diff-perl_1.201-1_all.deb ...
Unpacking libalgorithm-diff-perl (1.201-1) ...
Selecting previously unselected package libalgorithm-diff-xs-perl.
Preparing to unpack .../39-libalgorithm-diff-xs-perl_0.04-6build3_amd64.deb ...
Unpacking libalgorithm-diff-xs-perl (0.04-6build3) ...
Selecting previously unselected package libalgorithm-merge-perl.
Preparing to unpack .../40-libalgorithm-merge-perl_0.08-3_all.deb ...
Unpacking libalgorithm-merge-perl (0.08-3) ...
Selecting previously unselected package libfontconfig1:amd64.
Preparing to unpack .../41-libfontconfig1_2.13.1-4.2ubuntu5_amd64.deb ...
Unpacking libfontconfig1:amd64 (2.13.1-4.2ubuntu5) ...
Selecting previously unselected package libjpeg-turbo8:amd64.
Preparing to unpack .../42-libjpeg-turbo8_2.1.2-0ubuntu1_amd64.deb ...
Unpacking libjpeg-turbo8:amd64 (2.1.2-0ubuntu1) ...
Selecting previously unselected package libjpeg8:amd64.
Preparing to unpack .../43-libjpeg8_8c-2ubuntu10_amd64.deb ...
Unpacking libjpeg8:amd64 (8c-2ubuntu10) ...
Selecting previously unselected package libdeflate0:amd64.
Preparing to unpack .../44-libdeflate0_1.10-2_amd64.deb ...
Unpacking libdeflate0:amd64 (1.10-2) ...
Selecting previously unselected package libjbig0:amd64.
Preparing to unpack .../45-libjbig0_2.1-3.1ubuntu0.22.04.1_amd64.deb ...
Unpacking libjbig0:amd64 (2.1-3.1ubuntu0.22.04.1) ...
Selecting previously unselected package libwebp7:amd64.
Preparing to unpack .../46-libwebp7_1.2.2-2ubuntu0.22.04.2_amd64.deb ...
Unpacking libwebp7:amd64 (1.2.2-2ubuntu0.22.04.2) ...
Selecting previously unselected package libtiff5:amd64.
Preparing to unpack .../47-libtiff5_4.3.0-6ubuntu0.9_amd64.deb ...
Unpacking libtiff5:amd64 (4.3.0-6ubuntu0.9) ...
Selecting previously unselected package libxpm4:amd64.
Preparing to unpack .../48-libxpm4_1%3a3.5.12-1ubuntu0.22.04.2_amd64.deb ...
Unpacking libxpm4:amd64 (1:3.5.12-1ubuntu0.22.04.2) ...
Selecting previously unselected package libgd3:amd64.
Preparing to unpack .../49-libgd3_2.3.0-2ubuntu2_amd64.deb ...
Unpacking libgd3:amd64 (2.3.0-2ubuntu2) ...
Selecting previously unselected package libc-devtools.
Preparing to unpack .../50-libc-devtools_2.35-0ubuntu3.8_amd64.deb ...
Unpacking libc-devtools (2.35-0ubuntu3.8) ...
Selecting previously unselected package libexpat1-dev:amd64.
Preparing to unpack .../51-libexpat1-dev_2.4.7-1ubuntu0.3_amd64.deb ...
Unpacking libexpat1-dev:amd64 (2.4.7-1ubuntu0.3) ...
Selecting previously unselected package libfile-fcntllock-perl.
Preparing to unpack .../52-libfile-fcntllock-perl_0.22-3build7_amd64.deb ...
Unpacking libfile-fcntllock-perl (0.22-3build7) ...
Selecting previously unselected package libjs-jquery.
Preparing to unpack .../53-libjs-jquery_3.6.0+dfsg+~3.5.13-1_all.deb ...
Unpacking libjs-jquery (3.6.0+dfsg+~3.5.13-1) ...
Selecting previously unselected package libjs-underscore.
Preparing to unpack .../54-libjs-underscore_1.13.2~dfsg-2_all.deb ...
Unpacking libjs-underscore (1.13.2~dfsg-2) ...
Selecting previously unselected package libjs-sphinxdoc.
Preparing to unpack .../55-libjs-sphinxdoc_4.3.2-1_all.deb ...
Unpacking libjs-sphinxdoc (4.3.2-1) ...
Selecting previously unselected package zlib1g-dev:amd64.
Preparing to unpack .../56-zlib1g-dev_1%3a1.2.11.dfsg-2ubuntu9.2_amd64.deb ...
Unpacking zlib1g-dev:amd64 (1:1.2.11.dfsg-2ubuntu9.2) ...
Selecting previously unselected package libpython3.10-dev:amd64.
Preparing to unpack .../57-libpython3.10-dev_3.10.12-1~22.04.3_amd64.deb ...
Unpacking libpython3.10-dev:amd64 (3.10.12-1~22.04.3) ...
Selecting previously unselected package libpython3-dev:amd64.
Preparing to unpack .../58-libpython3-dev_3.10.6-1~22.04_amd64.deb ...
Unpacking libpython3-dev:amd64 (3.10.6-1~22.04) ...
Selecting previously unselected package manpages-dev.
Preparing to unpack .../59-manpages-dev_5.10-1ubuntu1_all.deb ...
Unpacking manpages-dev (5.10-1ubuntu1) ...
Selecting previously unselected package python3.10-dev.
Preparing to unpack .../60-python3.10-dev_3.10.12-1~22.04.3_amd64.deb ...
Unpacking python3.10-dev (3.10.12-1~22.04.3) ...
Selecting previously unselected package python3-dev.
Preparing to unpack .../61-python3-dev_3.10.6-1~22.04_amd64.deb ...
Unpacking python3-dev (3.10.6-1~22.04) ...
Selecting previously unselected package python3-distlib.
Preparing to unpack .../62-python3-distlib_0.3.4-1_all.deb ...
Unpacking python3-distlib (0.3.4-1) ...
Selecting previously unselected package python3-filelock.
Preparing to unpack .../63-python3-filelock_3.6.0-1_all.deb ...
Unpacking python3-filelock (3.6.0-1) ...
Selecting previously unselected package python3-wheel.
Preparing to unpack .../64-python3-wheel_0.37.1-2ubuntu0.22.04.1_all.deb ...
Unpacking python3-wheel (0.37.1-2ubuntu0.22.04.1) ...
Selecting previously unselected package python3-pip.
Preparing to unpack .../65-python3-pip_22.0.2+dfsg-1ubuntu0.4_all.deb ...
Unpacking python3-pip (22.0.2+dfsg-1ubuntu0.4) ...
Selecting previously unselected package python3-pip-whl.
Preparing to unpack .../66-python3-pip-whl_22.0.2+dfsg-1ubuntu0.4_all.deb ...
Unpacking python3-pip-whl (22.0.2+dfsg-1ubuntu0.4) ...
Selecting previously unselected package python3-platformdirs.
Preparing to unpack .../67-python3-platformdirs_2.5.1-1_all.deb ...
Unpacking python3-platformdirs (2.5.1-1) ...
Selecting previously unselected package python3-setuptools-whl.
Preparing to unpack .../68-python3-setuptools-whl_59.6.0-1.2ubuntu0.22.04.1_all.deb ...
Unpacking python3-setuptools-whl (59.6.0-1.2ubuntu0.22.04.1) ...
Selecting previously unselected package python3-wheel-whl.
Preparing to unpack .../69-python3-wheel-whl_0.37.1-2ubuntu0.22.04.1_all.deb ...
Unpacking python3-wheel-whl (0.37.1-2ubuntu0.22.04.1) ...
Selecting previously unselected package python3-virtualenv.
Preparing to unpack .../70-python3-virtualenv_20.13.0+ds-2_all.deb ...
Unpacking python3-virtualenv (20.13.0+ds-2) ...
Setting up javascript-common (11+nmu1) ...
Setting up gcc-11-base:amd64 (11.4.0-1ubuntu1~22.04) ...
Setting up manpages-dev (5.10-1ubuntu1) ...
Setting up python3-setuptools-whl (59.6.0-1.2ubuntu0.22.04.1) ...
Setting up lto-disabled-list (24) ...
Setting up python3-filelock (3.6.0-1) ...
Setting up libxpm4:amd64 (1:3.5.12-1ubuntu0.22.04.2) ...
Setting up libfile-fcntllock-perl (0.22-3build7) ...
Setting up python3-pip-whl (22.0.2+dfsg-1ubuntu0.4) ...
Setting up libalgorithm-diff-perl (1.201-1) ...
Setting up libdeflate0:amd64 (1.10-2) ...
Setting up linux-libc-dev:amd64 (5.15.0-112.122) ...
Setting up python3-distlib (0.3.4-1) ...
Setting up libgomp1:amd64 (12.3.0-1ubuntu1~22.04) ...
Setting up bzip2 (1.0.8-5build1) ...
Setting up python3-wheel (0.37.1-2ubuntu0.22.04.1) ...
Setting up libjbig0:amd64 (2.1-3.1ubuntu0.22.04.1) ...
Setting up python3-platformdirs (2.5.1-1) ...
Setting up libfakeroot:amd64 (1.28-1ubuntu1) ...
Setting up libasan6:amd64 (11.4.0-1ubuntu1~22.04) ...
Setting up fakeroot (1.28-1ubuntu1) ...
update-alternatives: using /usr/bin/fakeroot-sysv to provide /usr/bin/fakeroot (fakeroot) in auto mode
Setting up libtirpc-dev:amd64 (1.3.2-2ubuntu0.1) ...
Setting up rpcsvc-proto (1.4.2-0ubuntu6) ...
Setting up make (4.3-4.1build1) ...
Setting up libquadmath0:amd64 (12.3.0-1ubuntu1~22.04) ...
Setting up libmpc3:amd64 (1.2.1-2build1) ...
Setting up libatomic1:amd64 (12.3.0-1ubuntu1~22.04) ...
Setting up fonts-dejavu-core (2.37-2build1) ...
Setting up python3-pip (22.0.2+dfsg-1ubuntu0.4) ...
Setting up libjpeg-turbo8:amd64 (2.1.2-0ubuntu1) ...
Setting up libdpkg-perl (1.21.1ubuntu2.3) ...
Setting up libwebp7:amd64 (1.2.2-2ubuntu0.22.04.2) ...
Setting up libubsan1:amd64 (12.3.0-1ubuntu1~22.04) ...
Setting up libnsl-dev:amd64 (1.3.0-2build2) ...
Setting up libcrypt-dev:amd64 (1:4.4.27-1) ...
Setting up libjs-jquery (3.6.0+dfsg+~3.5.13-1) ...
Setting up libisl23:amd64 (0.24-2build1) ...
Setting up libc-dev-bin (2.35-0ubuntu3.8) ...
Setting up python3-wheel-whl (0.37.1-2ubuntu0.22.04.1) ...
Setting up libalgorithm-diff-xs-perl (0.04-6build3) ...
Setting up libcc1-0:amd64 (12.3.0-1ubuntu1~22.04) ...
Setting up liblsan0:amd64 (12.3.0-1ubuntu1~22.04) ...
Setting up libitm1:amd64 (12.3.0-1ubuntu1~22.04) ...
Setting up libjs-underscore (1.13.2~dfsg-2) ...
Setting up libalgorithm-merge-perl (0.08-3) ...
Setting up libtsan0:amd64 (11.4.0-1ubuntu1~22.04) ...
Setting up libjpeg8:amd64 (8c-2ubuntu10) ...
Setting up cpp-11 (11.4.0-1ubuntu1~22.04) ...
Setting up fontconfig-config (2.13.1-4.2ubuntu5) ...
Setting up python3-virtualenv (20.13.0+ds-2) ...
Setting up dpkg-dev (1.21.1ubuntu2.3) ...
Setting up libjs-sphinxdoc (4.3.2-1) ...
Setting up libgcc-11-dev:amd64 (11.4.0-1ubuntu1~22.04) ...
Setting up gcc-11 (11.4.0-1ubuntu1~22.04) ...
Setting up cpp (4:11.2.0-1ubuntu1) ...
Setting up libc6-dev:amd64 (2.35-0ubuntu3.8) ...
Setting up libtiff5:amd64 (4.3.0-6ubuntu0.9) ...
Setting up libfontconfig1:amd64 (2.13.1-4.2ubuntu5) ...
Setting up gcc (4:11.2.0-1ubuntu1) ...
Setting up libexpat1-dev:amd64 (2.4.7-1ubuntu0.3) ...
Setting up libgd3:amd64 (2.3.0-2ubuntu2) ...
Setting up libstdc++-11-dev:amd64 (11.4.0-1ubuntu1~22.04) ...
Setting up zlib1g-dev:amd64 (1:1.2.11.dfsg-2ubuntu9.2) ...
Setting up libc-devtools (2.35-0ubuntu3.8) ...
Setting up g++-11 (11.4.0-1ubuntu1~22.04) ...
Setting up libpython3.10-dev:amd64 (3.10.12-1~22.04.3) ...
Setting up python3.10-dev (3.10.12-1~22.04.3) ...
Setting up g++ (4:11.2.0-1ubuntu1) ...
update-alternatives: using /usr/bin/g++ to provide /usr/bin/c++ (c++) in auto mode
Setting up build-essential (12.9ubuntu3) ...
Setting up libpython3-dev:amd64 (3.10.6-1~22.04) ...
Setting up python3-dev (3.10.6-1~22.04) ...
Processing triggers for man-db (2.10.2-1) ...
Processing triggers for libc-bin (2.35-0ubuntu3.8) ...
Scanning processes...                                                                                                                                                
Scanning linux images...                                                                                                                                             

Running kernel seems to be up-to-date.

No services need to be restarted.

No containers need to be restarted.

No user sessions are running outdated binaries.

No VM guests are running outdated hypervisor (qemu) binaries on this host.
ubuntu@instance-20240622-2327:~$ 




ubuntu@instance-20240622-2327:~$ virtualenv ouenv
created virtual environment CPython3.10.12.final.0-64 in 296ms
  creator CPython3Posix(dest=/home/ubuntu/ouenv, clear=False, no_vcs_ignore=False, global=False)
  seeder FromAppData(download=False, pip=bundle, setuptools=bundle, wheel=bundle, via=copy, app_data_dir=/home/ubuntu/.local/share/virtualenv)
    added seed packages: pip==22.0.2, setuptools==59.6.0, wheel==0.37.1
  activators BashActivator,CShellActivator,FishActivator,NushellActivator,PowerShellActivator,PythonActivator
ubuntu@instance-20240622-2327:~$ 


ubuntu@instance-20240622-2327:~$ 
ubuntu@instance-20240622-2327:~$ 
ubuntu@instance-20240622-2327:~$ source ouenv/bin/activate
(ouenv) ubuntu@instance-20240622-2327:~$ 



============================
(base) Rajeshs-MacBook-Pro:~ rajeshranjan$ 
(base) Rajeshs-MacBook-Pro:~ rajeshranjan$ 
(base) Rajeshs-MacBook-Pro:~ rajeshranjan$ scp -r -i /Users/rajeshranjan/RajeshWork/Oracle_Gen_AI/Links_info_POC/Latest_VM_Keys/ubuntu-vm-priv.key /Users/rajeshranjan/RajeshWork/Oracle_Gen_AI/FromMyGithub/demos/module4/demo-ou-chatbot-chroma-final.py ubuntu@149.130.223.84:/home/ubuntu/src
demo-ou-chatbot-chroma-final.py                                                                                                                 100% 4217    13.5KB/s   00:00    
(base) Rajeshs-MacBook-Pro:~ rajeshranjan$ scp -r -i /Users/rajeshranjan/RajeshWork/Oracle_Gen_AI/Links_info_POC/Latest_VM_Keys/ubuntu-vm-priv.key /Users/rajeshranjan/RajeshWork/Oracle_Gen_AI/FromMyGithub/demos/module4/demo-chroma-create.py ubuntu@149.130.223.84:/home/ubuntu/src
demo-chroma-create.py                                                                                                                           100% 1875     5.9KB/s   00:00    
(base) Rajeshs-MacBook-Pro:~ rajeshranjan$ 
(base) Rajeshs-MacBook-Pro:~ rajeshranjan$ 
(base) Rajeshs-MacBook-Pro:~ rajeshranjan$ 
(base) Rajeshs-MacBook-Pro:~ rajeshranjan$ scp -r -i /Users/rajeshranjan/RajeshWork/Oracle_Gen_AI/Links_info_POC/Latest_VM_Keys/ubuntu-vm-priv.key //Users/rajeshranjan/RajeshWork/Oracle_Gen_AI/FromMyGithub/demos/module4/pdf-docs/*  ubuntu@149.130.223.84:/home/ubuntu/src

TOGAF-EA-BoK-Set-Distr1.pdf                                                                                                                                           100% 4579KB 360.6KB/s   00:12    
(base) Rajeshs-MacBook-Pro:~ rajeshranjan$ 
(base) Rajeshs-MacBook-Pro:~ rajeshranjan$ 
======================



(ouenv) ubuntu@instance-20240622-2327:~/src$ ls
TOGAF-EA-BoK-Set-Distr1.pdf  demo-chroma-create.py  demo-ou-chatbot-chroma-final.py
(ouenv) ubuntu@instance-20240622-2327:~/src$ ls -ltr
total 4592
-rw-r--r-- 1 ubuntu ubuntu    4217 Jun 22 16:05 demo-ou-chatbot-chroma-final.py
-rw-r--r-- 1 ubuntu ubuntu    1875 Jun 22 16:05 demo-chroma-create.py
-rw-r--r-- 1 ubuntu ubuntu 4688666 Jun 22 16:06 TOGAF-EA-BoK-Set-Distr1.pdf
(ouenv) ubuntu@instance-20240622-2327:~/src$ pwd
/home/ubuntu/src
(ouenv) ubuntu@instance-20240622-2327:~/src$ mkdir pdf-docs
(ouenv) ubuntu@instance-20240622-2327:~/src$ cp TOGAF-EA-BoK-Set-Distr1.pdf ./pdf-docs
(ouenv) ubuntu@instance-20240622-2327:~/src$ pwd
/home/ubuntu/src
(ouenv) ubuntu@instance-20240622-2327:~/src$ cd pdf-docs/
(ouenv) ubuntu@instance-20240622-2327:~/src/pdf-docs$ ls
TOGAF-EA-BoK-Set-Distr1.pdf
(ouenv) ubuntu@instance-20240622-2327:~/src/pdf-docs$ 


(ouenv) ubuntu@instance-20240622-2327:~/ouenv$ pip install oci
Collecting oci
  Downloading oci-2.128.2-py3-none-any.whl (26.6 MB)
     ━━━━━━━━━━━━━━━━━━━━━━━━━━━━━━━━━━━━━━━━ 26.6/26.6 MB 39.1 MB/s eta 0:00:00
Collecting cryptography<43.0.0,>=3.2.1
  Downloading cryptography-42.0.8-cp39-abi3-manylinux_2_28_x86_64.whl (3.9 MB)
     ━━━━━━━━━━━━━━━━━━━━━━━━━━━━━━━━━━━━━━━━ 3.9/3.9 MB 64.5 MB/s eta 0:00:00
Collecting certifi
  Downloading certifi-2024.6.2-py3-none-any.whl (164 kB)
     ━━━━━━━━━━━━━━━━━━━━━━━━━━━━━━━━━━━━━━━━ 164.4/164.4 KB 39.2 MB/s eta 0:00:00
Collecting pytz>=2016.10
  Downloading pytz-2024.1-py2.py3-none-any.whl (505 kB)
     ━━━━━━━━━━━━━━━━━━━━━━━━━━━━━━━━━━━━━━━━ 505.5/505.5 KB 73.1 MB/s eta 0:00:00
Collecting circuitbreaker<2.0.0,>=1.3.1
  Downloading circuitbreaker-1.4.0.tar.gz (9.7 kB)
  Preparing metadata (setup.py) ... done
Collecting python-dateutil<3.0.0,>=2.5.3
  Downloading python_dateutil-2.9.0.post0-py2.py3-none-any.whl (229 kB)
     ━━━━━━━━━━━━━━━━━━━━━━━━━━━━━━━━━━━━━━━━ 229.9/229.9 KB 43.4 MB/s eta 0:00:00
Collecting pyOpenSSL<25.0.0,>=17.5.0
  Downloading pyOpenSSL-24.1.0-py3-none-any.whl (56 kB)
     ━━━━━━━━━━━━━━━━━━━━━━━━━━━━━━━━━━━━━━━━ 56.9/56.9 KB 12.9 MB/s eta 0:00:00
Collecting cffi>=1.12
  Downloading cffi-1.16.0-cp310-cp310-manylinux_2_17_x86_64.manylinux2014_x86_64.whl (443 kB)
     ━━━━━━━━━━━━━━━━━━━━━━━━━━━━━━━━━━━━━━━━ 443.9/443.9 KB 64.1 MB/s eta 0:00:00
Collecting six>=1.5
  Downloading six-1.16.0-py2.py3-none-any.whl (11 kB)
Collecting pycparser
  Downloading pycparser-2.22-py3-none-any.whl (117 kB)
     ━━━━━━━━━━━━━━━━━━━━━━━━━━━━━━━━━━━━━━━━ 117.6/117.6 KB 28.3 MB/s eta 0:00:00
Building wheels for collected packages: circuitbreaker
  Building wheel for circuitbreaker (setup.py) ... done
  Created wheel for circuitbreaker: filename=circuitbreaker-1.4.0-py3-none-any.whl size=7522 sha256=8ba7d950ca60b1f57fcafb935ba874d83dc0100dcb2d73af23677714e274317f
  Stored in directory: /home/ubuntu/.cache/pip/wheels/3c/be/64/266b6ce2ef1130de5e419f04805acbb2df5a4ab1b91348f25b
Successfully built circuitbreaker
Installing collected packages: pytz, circuitbreaker, six, pycparser, certifi, python-dateutil, cffi, cryptography, pyOpenSSL, oci
Successfully installed certifi-2024.6.2 cffi-1.16.0 circuitbreaker-1.4.0 cryptography-42.0.8 oci-2.128.2 pyOpenSSL-24.1.0 pycparser-2.22 python-dateutil-2.9.0.post0 pytz-2024.1 six-1.16.0
(ouenv) ubuntu@instance-20240622-2327:~/ouenv$ 




(ouenv) ubuntu@instance-20240622-2327:~/ouenv$ pip install oci
Collecting oci
  Downloading oci-2.128.2-py3-none-any.whl (26.6 MB)
     ━━━━━━━━━━━━━━━━━━━━━━━━━━━━━━━━━━━━━━━━ 26.6/26.6 MB 39.1 MB/s eta 0:00:00
Collecting cryptography<43.0.0,>=3.2.1
  Downloading cryptography-42.0.8-cp39-abi3-manylinux_2_28_x86_64.whl (3.9 MB)
     ━━━━━━━━━━━━━━━━━━━━━━━━━━━━━━━━━━━━━━━━ 3.9/3.9 MB 64.5 MB/s eta 0:00:00
Collecting certifi
  Downloading certifi-2024.6.2-py3-none-any.whl (164 kB)
     ━━━━━━━━━━━━━━━━━━━━━━━━━━━━━━━━━━━━━━━━ 164.4/164.4 KB 39.2 MB/s eta 0:00:00
Collecting pytz>=2016.10
  Downloading pytz-2024.1-py2.py3-none-any.whl (505 kB)
     ━━━━━━━━━━━━━━━━━━━━━━━━━━━━━━━━━━━━━━━━ 505.5/505.5 KB 73.1 MB/s eta 0:00:00
Collecting circuitbreaker<2.0.0,>=1.3.1
  Downloading circuitbreaker-1.4.0.tar.gz (9.7 kB)
  Preparing metadata (setup.py) ... done
Collecting python-dateutil<3.0.0,>=2.5.3
  Downloading python_dateutil-2.9.0.post0-py2.py3-none-any.whl (229 kB)
     ━━━━━━━━━━━━━━━━━━━━━━━━━━━━━━━━━━━━━━━━ 229.9/229.9 KB 43.4 MB/s eta 0:00:00
Collecting pyOpenSSL<25.0.0,>=17.5.0
  Downloading pyOpenSSL-24.1.0-py3-none-any.whl (56 kB)
     ━━━━━━━━━━━━━━━━━━━━━━━━━━━━━━━━━━━━━━━━ 56.9/56.9 KB 12.9 MB/s eta 0:00:00
Collecting cffi>=1.12
  Downloading cffi-1.16.0-cp310-cp310-manylinux_2_17_x86_64.manylinux2014_x86_64.whl (443 kB)
     ━━━━━━━━━━━━━━━━━━━━━━━━━━━━━━━━━━━━━━━━ 443.9/443.9 KB 64.1 MB/s eta 0:00:00
Collecting six>=1.5
  Downloading six-1.16.0-py2.py3-none-any.whl (11 kB)
Collecting pycparser
  Downloading pycparser-2.22-py3-none-any.whl (117 kB)
     ━━━━━━━━━━━━━━━━━━━━━━━━━━━━━━━━━━━━━━━━ 117.6/117.6 KB 28.3 MB/s eta 0:00:00
Building wheels for collected packages: circuitbreaker
  Building wheel for circuitbreaker (setup.py) ... done
  Created wheel for circuitbreaker: filename=circuitbreaker-1.4.0-py3-none-any.whl size=7522 sha256=8ba7d950ca60b1f57fcafb935ba874d83dc0100dcb2d73af23677714e274317f
  Stored in directory: /home/ubuntu/.cache/pip/wheels/3c/be/64/266b6ce2ef1130de5e419f04805acbb2df5a4ab1b91348f25b
Successfully built circuitbreaker
Installing collected packages: pytz, circuitbreaker, six, pycparser, certifi, python-dateutil, cffi, cryptography, pyOpenSSL, oci
Successfully installed certifi-2024.6.2 cffi-1.16.0 circuitbreaker-1.4.0 cryptography-42.0.8 oci-2.128.2 pyOpenSSL-24.1.0 pycparser-2.22 python-dateutil-2.9.0.post0 pytz-2024.1 six-1.16.0
(ouenv) ubuntu@instance-20240622-2327:~/ouenv$ pip install oracle-ads
Collecting oracle-ads
  Downloading oracle_ads-2.11.13-py3-none-any.whl (22.7 MB)
     ━━━━━━━━━━━━━━━━━━━━━━━━━━━━━━━━━━━━━━━━ 22.7/22.7 MB 43.9 MB/s eta 0:00:00
Collecting tabulate>=0.8.9
  Downloading tabulate-0.9.0-py3-none-any.whl (35 kB)
Requirement already satisfied: oci>=2.125.3 in ./lib/python3.10/site-packages (from oracle-ads) (2.128.2)
Collecting PyYAML>=6
  Downloading PyYAML-6.0.1-cp310-cp310-manylinux_2_17_x86_64.manylinux2014_x86_64.whl (705 kB)
     ━━━━━━━━━━━━━━━━━━━━━━━━━━━━━━━━━━━━━━━━ 705.5/705.5 KB 69.5 MB/s eta 0:00:00
Collecting requests
  Downloading requests-2.32.3-py3-none-any.whl (64 kB)
     ━━━━━━━━━━━━━━━━━━━━━━━━━━━━━━━━━━━━━━━━ 64.9/64.9 KB 15.2 MB/s eta 0:00:00
Collecting gitpython>=3.1.2
  Downloading GitPython-3.1.43-py3-none-any.whl (207 kB)
     ━━━━━━━━━━━━━━━━━━━━━━━━━━━━━━━━━━━━━━━━ 207.3/207.3 KB 43.9 MB/s eta 0:00:00
Collecting asteval>=0.9.25
  Downloading asteval-0.9.33-py3-none-any.whl (20 kB)
Collecting jinja2>=2.11.2
  Downloading jinja2-3.1.4-py3-none-any.whl (133 kB)
     ━━━━━━━━━━━━━━━━━━━━━━━━━━━━━━━━━━━━━━━━ 133.3/133.3 KB 34.1 MB/s eta 0:00:00
Collecting matplotlib<=3.8.4,>=3.1.3
  Downloading matplotlib-3.8.4-cp310-cp310-manylinux_2_17_x86_64.manylinux2014_x86_64.whl (11.6 MB)
     ━━━━━━━━━━━━━━━━━━━━━━━━━━━━━━━━━━━━━━━━ 11.6/11.6 MB 64.7 MB/s eta 0:00:00
Collecting ocifs>=1.1.3
  Downloading ocifs-1.3.1-py3-none-any.whl (67 kB)
     ━━━━━━━━━━━━━━━━━━━━━━━━━━━━━━━━━━━━━━━━ 67.9/67.9 KB 18.2 MB/s eta 0:00:00
Collecting fsspec>=0.8.7
  Downloading fsspec-2024.6.0-py3-none-any.whl (176 kB)
     ━━━━━━━━━━━━━━━━━━━━━━━━━━━━━━━━━━━━━━━━ 176.9/176.9 KB 38.9 MB/s eta 0:00:00
Collecting python_jsonschema_objects>=0.3.13
  Downloading python_jsonschema_objects-0.5.4-py2.py3-none-any.whl (29 kB)
Collecting numpy<2.0.0,>=1.19.2
  Downloading numpy-1.26.4-cp310-cp310-manylinux_2_17_x86_64.manylinux2014_x86_64.whl (18.2 MB)
     ━━━━━━━━━━━━━━━━━━━━━━━━━━━━━━━━━━━━━━━━ 18.2/18.2 MB 59.0 MB/s eta 0:00:00
Collecting tqdm>=4.59.0
  Downloading tqdm-4.66.4-py3-none-any.whl (78 kB)
     ━━━━━━━━━━━━━━━━━━━━━━━━━━━━━━━━━━━━━━━━ 78.3/78.3 KB 18.9 MB/s eta 0:00:00
Collecting psutil>=5.7.2
  Downloading psutil-6.0.0-cp36-abi3-manylinux_2_12_x86_64.manylinux2010_x86_64.manylinux_2_17_x86_64.manylinux2014_x86_64.whl (290 kB)
     ━━━━━━━━━━━━━━━━━━━━━━━━━━━━━━━━━━━━━━━━ 290.5/290.5 KB 51.0 MB/s eta 0:00:00
Collecting cloudpickle>=1.6.0
  Downloading cloudpickle-3.0.0-py3-none-any.whl (20 kB)
Collecting pandas>=2.2.0
  Downloading pandas-2.2.2-cp310-cp310-manylinux_2_17_x86_64.manylinux2014_x86_64.whl (13.0 MB)
     ━━━━━━━━━━━━━━━━━━━━━━━━━━━━━━━━━━━━━━━━ 13.0/13.0 MB 71.2 MB/s eta 0:00:00
Collecting cerberus>=1.3.4
  Downloading Cerberus-1.3.5-py3-none-any.whl (30 kB)
Collecting scikit-learn>=1.0
  Downloading scikit_learn-1.5.0-cp310-cp310-manylinux_2_17_x86_64.manylinux2014_x86_64.whl (13.3 MB)
     ━━━━━━━━━━━━━━━━━━━━━━━━━━━━━━━━━━━━━━━━ 13.3/13.3 MB 72.9 MB/s eta 0:00:00
Collecting gitdb<5,>=4.0.1
  Downloading gitdb-4.0.11-py3-none-any.whl (62 kB)
     ━━━━━━━━━━━━━━━━━━━━━━━━━━━━━━━━━━━━━━━━ 62.7/62.7 KB 16.3 MB/s eta 0:00:00
Collecting MarkupSafe>=2.0
  Downloading MarkupSafe-2.1.5-cp310-cp310-manylinux_2_17_x86_64.manylinux2014_x86_64.whl (25 kB)
Collecting cycler>=0.10
  Downloading cycler-0.12.1-py3-none-any.whl (8.3 kB)
Collecting fonttools>=4.22.0
  Downloading fonttools-4.53.0-cp310-cp310-manylinux_2_17_x86_64.manylinux2014_x86_64.whl (4.6 MB)
     ━━━━━━━━━━━━━━━━━━━━━━━━━━━━━━━━━━━━━━━━ 4.6/4.6 MB 92.1 MB/s eta 0:00:00
Collecting kiwisolver>=1.3.1
  Downloading kiwisolver-1.4.5-cp310-cp310-manylinux_2_12_x86_64.manylinux2010_x86_64.whl (1.6 MB)
     ━━━━━━━━━━━━━━━━━━━━━━━━━━━━━━━━━━━━━━━━ 1.6/1.6 MB 93.6 MB/s eta 0:00:00
Collecting packaging>=20.0
  Downloading packaging-24.1-py3-none-any.whl (53 kB)
     ━━━━━━━━━━━━━━━━━━━━━━━━━━━━━━━━━━━━━━━━ 54.0/54.0 KB 13.3 MB/s eta 0:00:00
Collecting pillow>=8
  Downloading pillow-10.3.0-cp310-cp310-manylinux_2_28_x86_64.whl (4.5 MB)
     ━━━━━━━━━━━━━━━━━━━━━━━━━━━━━━━━━━━━━━━━ 4.5/4.5 MB 90.1 MB/s eta 0:00:00
Collecting pyparsing>=2.3.1
  Downloading pyparsing-3.1.2-py3-none-any.whl (103 kB)
     ━━━━━━━━━━━━━━━━━━━━━━━━━━━━━━━━━━━━━━━━ 103.2/103.2 KB 25.7 MB/s eta 0:00:00
Collecting contourpy>=1.0.1
  Downloading contourpy-1.2.1-cp310-cp310-manylinux_2_17_x86_64.manylinux2014_x86_64.whl (305 kB)
     ━━━━━━━━━━━━━━━━━━━━━━━━━━━━━━━━━━━━━━━━ 305.2/305.2 KB 55.8 MB/s eta 0:00:00
Requirement already satisfied: python-dateutil>=2.7 in ./lib/python3.10/site-packages (from matplotlib<=3.8.4,>=3.1.3->oracle-ads) (2.9.0.post0)
Requirement already satisfied: certifi in ./lib/python3.10/site-packages (from oci>=2.125.3->oracle-ads) (2024.6.2)
Requirement already satisfied: circuitbreaker<2.0.0,>=1.3.1 in ./lib/python3.10/site-packages (from oci>=2.125.3->oracle-ads) (1.4.0)
Requirement already satisfied: pyOpenSSL<25.0.0,>=17.5.0 in ./lib/python3.10/site-packages (from oci>=2.125.3->oracle-ads) (24.1.0)
Requirement already satisfied: cryptography<43.0.0,>=3.2.1 in ./lib/python3.10/site-packages (from oci>=2.125.3->oracle-ads) (42.0.8)
Requirement already satisfied: pytz>=2016.10 in ./lib/python3.10/site-packages (from oci>=2.125.3->oracle-ads) (2024.1)
Collecting tzdata>=2022.7
  Downloading tzdata-2024.1-py2.py3-none-any.whl (345 kB)
     ━━━━━━━━━━━━━━━━━━━━━━━━━━━━━━━━━━━━━━━━ 345.4/345.4 KB 58.7 MB/s eta 0:00:00
Collecting Markdown>=2.4
  Downloading Markdown-3.6-py3-none-any.whl (105 kB)
     ━━━━━━━━━━━━━━━━━━━━━━━━━━━━━━━━━━━━━━━━ 105.4/105.4 KB 29.2 MB/s eta 0:00:00
Collecting inflection>=0.2
  Downloading inflection-0.5.1-py2.py3-none-any.whl (9.5 kB)
Requirement already satisfied: six>=1.5.2 in ./lib/python3.10/site-packages (from python_jsonschema_objects>=0.3.13->oracle-ads) (1.16.0)
Collecting jsonschema>=4.18
  Downloading jsonschema-4.22.0-py3-none-any.whl (88 kB)
     ━━━━━━━━━━━━━━━━━━━━━━━━━━━━━━━━━━━━━━━━ 88.3/88.3 KB 22.0 MB/s eta 0:00:00
Collecting threadpoolctl>=3.1.0
  Downloading threadpoolctl-3.5.0-py3-none-any.whl (18 kB)
Collecting scipy>=1.6.0
  Downloading scipy-1.13.1-cp310-cp310-manylinux_2_17_x86_64.manylinux2014_x86_64.whl (38.6 MB)
     ━━━━━━━━━━━━━━━━━━━━━━━━━━━━━━━━━━━━━━━━ 38.6/38.6 MB 28.6 MB/s eta 0:00:00
Collecting joblib>=1.2.0
  Downloading joblib-1.4.2-py3-none-any.whl (301 kB)
     ━━━━━━━━━━━━━━━━━━━━━━━━━━━━━━━━━━━━━━━━ 301.8/301.8 KB 52.7 MB/s eta 0:00:00
Collecting idna<4,>=2.5
  Downloading idna-3.7-py3-none-any.whl (66 kB)
     ━━━━━━━━━━━━━━━━━━━━━━━━━━━━━━━━━━━━━━━━ 66.8/66.8 KB 18.5 MB/s eta 0:00:00
Collecting charset-normalizer<4,>=2
  Downloading charset_normalizer-3.3.2-cp310-cp310-manylinux_2_17_x86_64.manylinux2014_x86_64.whl (142 kB)
     ━━━━━━━━━━━━━━━━━━━━━━━━━━━━━━━━━━━━━━━━ 142.1/142.1 KB 33.9 MB/s eta 0:00:00
Collecting urllib3<3,>=1.21.1
  Downloading urllib3-2.2.2-py3-none-any.whl (121 kB)
     ━━━━━━━━━━━━━━━━━━━━━━━━━━━━━━━━━━━━━━━━ 121.4/121.4 KB 29.9 MB/s eta 0:00:00
Requirement already satisfied: cffi>=1.12 in ./lib/python3.10/site-packages (from cryptography<43.0.0,>=3.2.1->oci>=2.125.3->oracle-ads) (1.16.0)
Collecting smmap<6,>=3.0.1
  Downloading smmap-5.0.1-py3-none-any.whl (24 kB)
Collecting jsonschema-specifications>=2023.03.6
  Downloading jsonschema_specifications-2023.12.1-py3-none-any.whl (18 kB)
Collecting rpds-py>=0.7.1
  Downloading rpds_py-0.18.1-cp310-cp310-manylinux_2_17_x86_64.manylinux2014_x86_64.whl (1.1 MB)
     ━━━━━━━━━━━━━━━━━━━━━━━━━━━━━━━━━━━━━━━━ 1.1/1.1 MB 81.8 MB/s eta 0:00:00
Collecting attrs>=22.2.0
  Downloading attrs-23.2.0-py3-none-any.whl (60 kB)
     ━━━━━━━━━━━━━━━━━━━━━━━━━━━━━━━━━━━━━━━━ 60.8/60.8 KB 16.5 MB/s eta 0:00:00
Collecting referencing>=0.28.4
  Downloading referencing-0.35.1-py3-none-any.whl (26 kB)
Requirement already satisfied: pycparser in ./lib/python3.10/site-packages (from cffi>=1.12->cryptography<43.0.0,>=3.2.1->oci>=2.125.3->oracle-ads) (2.22)
Installing collected packages: cerberus, urllib3, tzdata, tqdm, threadpoolctl, tabulate, smmap, rpds-py, PyYAML, pyparsing, psutil, pillow, packaging, numpy, MarkupSafe, Markdown, kiwisolver, joblib, inflection, idna, fsspec, fonttools, cycler, cloudpickle, charset-normalizer, attrs, asteval, scipy, requests, referencing, pandas, jinja2, gitdb, contourpy, scikit-learn, matplotlib, jsonschema-specifications, gitpython, jsonschema, python_jsonschema_objects, ocifs, oracle-ads
Successfully installed Markdown-3.6 MarkupSafe-2.1.5 PyYAML-6.0.1 asteval-0.9.33 attrs-23.2.0 cerberus-1.3.5 charset-normalizer-3.3.2 cloudpickle-3.0.0 contourpy-1.2.1 cycler-0.12.1 fonttools-4.53.0 fsspec-2024.6.0 gitdb-4.0.11 gitpython-3.1.43 idna-3.7 inflection-0.5.1 jinja2-3.1.4 joblib-1.4.2 jsonschema-4.22.0 jsonschema-specifications-2023.12.1 kiwisolver-1.4.5 matplotlib-3.8.4 numpy-1.26.4 ocifs-1.3.1 oracle-ads-2.11.13 packaging-24.1 pandas-2.2.2 pillow-10.3.0 psutil-6.0.0 pyparsing-3.1.2 python_jsonschema_objects-0.5.4 referencing-0.35.1 requests-2.32.3 rpds-py-0.18.1 scikit-learn-1.5.0 scipy-1.13.1 smmap-5.0.1 tabulate-0.9.0 threadpoolctl-3.5.0 tqdm-4.66.4 tzdata-2024.1 urllib3-2.2.2
(ouenv) ubuntu@instance-20240622-2327:~/ouenv$ 



(ouenv) ubuntu@instance-20240622-2327:~/ouenv$ pip install langchain
Collecting langchain
  Downloading langchain-0.2.5-py3-none-any.whl (974 kB)
     ━━━━━━━━━━━━━━━━━━━━━━━━━━━━━━━━━━━━━━━━ 974.6/974.6 KB 9.2 MB/s eta 0:00:00
Collecting langchain-text-splitters<0.3.0,>=0.2.0
  Downloading langchain_text_splitters-0.2.1-py3-none-any.whl (23 kB)
Collecting aiohttp<4.0.0,>=3.8.3
  Downloading aiohttp-3.9.5-cp310-cp310-manylinux_2_17_x86_64.manylinux2014_x86_64.whl (1.2 MB)
     ━━━━━━━━━━━━━━━━━━━━━━━━━━━━━━━━━━━━━━━━ 1.2/1.2 MB 52.8 MB/s eta 0:00:00
Collecting pydantic<3,>=1
  Downloading pydantic-2.7.4-py3-none-any.whl (409 kB)
     ━━━━━━━━━━━━━━━━━━━━━━━━━━━━━━━━━━━━━━━━ 409.0/409.0 KB 60.5 MB/s eta 0:00:00
Requirement already satisfied: PyYAML>=5.3 in ./lib/python3.10/site-packages (from langchain) (6.0.1)
Collecting SQLAlchemy<3,>=1.4
  Downloading SQLAlchemy-2.0.31-cp310-cp310-manylinux_2_17_x86_64.manylinux2014_x86_64.whl (3.1 MB)
     ━━━━━━━━━━━━━━━━━━━━━━━━━━━━━━━━━━━━━━━━ 3.1/3.1 MB 70.6 MB/s eta 0:00:00
Requirement already satisfied: requests<3,>=2 in ./lib/python3.10/site-packages (from langchain) (2.32.3)
Collecting async-timeout<5.0.0,>=4.0.0
  Downloading async_timeout-4.0.3-py3-none-any.whl (5.7 kB)
Collecting langchain-core<0.3.0,>=0.2.7
  Downloading langchain_core-0.2.9-py3-none-any.whl (321 kB)
     ━━━━━━━━━━━━━━━━━━━━━━━━━━━━━━━━━━━━━━━━ 321.8/321.8 KB 56.9 MB/s eta 0:00:00
Requirement already satisfied: numpy<2,>=1 in ./lib/python3.10/site-packages (from langchain) (1.26.4)
Collecting tenacity<9.0.0,>=8.1.0
  Downloading tenacity-8.4.1-py3-none-any.whl (27 kB)
Collecting langsmith<0.2.0,>=0.1.17
  Downloading langsmith-0.1.81-py3-none-any.whl (127 kB)
     ━━━━━━━━━━━━━━━━━━━━━━━━━━━━━━━━━━━━━━━━ 127.1/127.1 KB 30.6 MB/s eta 0:00:00
Collecting yarl<2.0,>=1.0
  Downloading yarl-1.9.4-cp310-cp310-manylinux_2_17_x86_64.manylinux2014_x86_64.whl (301 kB)
     ━━━━━━━━━━━━━━━━━━━━━━━━━━━━━━━━━━━━━━━━ 301.6/301.6 KB 51.1 MB/s eta 0:00:00
Collecting frozenlist>=1.1.1
  Downloading frozenlist-1.4.1-cp310-cp310-manylinux_2_5_x86_64.manylinux1_x86_64.manylinux_2_17_x86_64.manylinux2014_x86_64.whl (239 kB)
     ━━━━━━━━━━━━━━━━━━━━━━━━━━━━━━━━━━━━━━━━ 239.5/239.5 KB 47.5 MB/s eta 0:00:00
Collecting multidict<7.0,>=4.5
  Downloading multidict-6.0.5-cp310-cp310-manylinux_2_17_x86_64.manylinux2014_x86_64.whl (124 kB)
     ━━━━━━━━━━━━━━━━━━━━━━━━━━━━━━━━━━━━━━━━ 124.3/124.3 KB 29.5 MB/s eta 0:00:00
Requirement already satisfied: attrs>=17.3.0 in ./lib/python3.10/site-packages (from aiohttp<4.0.0,>=3.8.3->langchain) (23.2.0)
Collecting aiosignal>=1.1.2
  Downloading aiosignal-1.3.1-py3-none-any.whl (7.6 kB)
Requirement already satisfied: packaging<25,>=23.2 in ./lib/python3.10/site-packages (from langchain-core<0.3.0,>=0.2.7->langchain) (24.1)
Collecting jsonpatch<2.0,>=1.33
  Downloading jsonpatch-1.33-py2.py3-none-any.whl (12 kB)
Collecting orjson<4.0.0,>=3.9.14
  Downloading orjson-3.10.5-cp310-cp310-manylinux_2_17_x86_64.manylinux2014_x86_64.whl (144 kB)
     ━━━━━━━━━━━━━━━━━━━━━━━━━━━━━━━━━━━━━━━━ 145.0/145.0 KB 31.6 MB/s eta 0:00:00
Collecting typing-extensions>=4.6.1
  Downloading typing_extensions-4.12.2-py3-none-any.whl (37 kB)
Collecting annotated-types>=0.4.0
  Downloading annotated_types-0.7.0-py3-none-any.whl (13 kB)
Collecting pydantic-core==2.18.4
  Downloading pydantic_core-2.18.4-cp310-cp310-manylinux_2_17_x86_64.manylinux2014_x86_64.whl (2.0 MB)
     ━━━━━━━━━━━━━━━━━━━━━━━━━━━━━━━━━━━━━━━━ 2.0/2.0 MB 92.9 MB/s eta 0:00:00
Requirement already satisfied: certifi>=2017.4.17 in ./lib/python3.10/site-packages (from requests<3,>=2->langchain) (2024.6.2)
Requirement already satisfied: idna<4,>=2.5 in ./lib/python3.10/site-packages (from requests<3,>=2->langchain) (3.7)
Requirement already satisfied: charset-normalizer<4,>=2 in ./lib/python3.10/site-packages (from requests<3,>=2->langchain) (3.3.2)
Requirement already satisfied: urllib3<3,>=1.21.1 in ./lib/python3.10/site-packages (from requests<3,>=2->langchain) (2.2.2)
Collecting greenlet!=0.4.17
  Downloading greenlet-3.0.3-cp310-cp310-manylinux_2_24_x86_64.manylinux_2_28_x86_64.whl (616 kB)
     ━━━━━━━━━━━━━━━━━━━━━━━━━━━━━━━━━━━━━━━━ 616.0/616.0 KB 76.4 MB/s eta 0:00:00
Collecting jsonpointer>=1.9
  Downloading jsonpointer-3.0.0-py2.py3-none-any.whl (7.6 kB)
Installing collected packages: typing-extensions, tenacity, orjson, multidict, jsonpointer, greenlet, frozenlist, async-timeout, annotated-types, yarl, SQLAlchemy, pydantic-core, jsonpatch, aiosignal, pydantic, aiohttp, langsmith, langchain-core, langchain-text-splitters, langchain
Successfully installed SQLAlchemy-2.0.31 aiohttp-3.9.5 aiosignal-1.3.1 annotated-types-0.7.0 async-timeout-4.0.3 frozenlist-1.4.1 greenlet-3.0.3 jsonpatch-1.33 jsonpointer-3.0.0 langchain-0.2.5 langchain-core-0.2.9 langchain-text-splitters-0.2.1 langsmith-0.1.81 multidict-6.0.5 orjson-3.10.5 pydantic-2.7.4 pydantic-core-2.18.4 tenacity-8.4.1 typing-extensions-4.12.2 yarl-1.9.4
(ouenv) ubuntu@instance-20240622-2327:~/ouenv$ 




(ouenv) ubuntu@instance-20240622-2327:~/ouenv$ pip install chromadb
Collecting chromadb
  Downloading chromadb-0.5.3-py3-none-any.whl (559 kB)
     ━━━━━━━━━━━━━━━━━━━━━━━━━━━━━━━━━━━━━━━━ 559.5/559.5 KB 6.9 MB/s eta 0:00:00
Requirement already satisfied: typing-extensions>=4.5.0 in ./lib/python3.10/site-packages (from chromadb) (4.12.2)
Requirement already satisfied: tenacity>=8.2.3 in ./lib/python3.10/site-packages (from chromadb) (8.4.1)
Collecting opentelemetry-sdk>=1.2.0
  Downloading opentelemetry_sdk-1.25.0-py3-none-any.whl (107 kB)
     ━━━━━━━━━━━━━━━━━━━━━━━━━━━━━━━━━━━━━━━━ 107.0/107.0 KB 27.5 MB/s eta 0:00:00
Requirement already satisfied: numpy<2.0.0,>=1.22.5 in ./lib/python3.10/site-packages (from chromadb) (1.26.4)
Collecting posthog>=2.4.0
  Downloading posthog-3.5.0-py2.py3-none-any.whl (41 kB)
     ━━━━━━━━━━━━━━━━━━━━━━━━━━━━━━━━━━━━━━━━ 41.3/41.3 KB 10.2 MB/s eta 0:00:00
Collecting opentelemetry-api>=1.2.0
  Downloading opentelemetry_api-1.25.0-py3-none-any.whl (59 kB)
     ━━━━━━━━━━━━━━━━━━━━━━━━━━━━━━━━━━━━━━━━ 59.9/59.9 KB 15.3 MB/s eta 0:00:00
Collecting grpcio>=1.58.0
  Downloading grpcio-1.64.1-cp310-cp310-manylinux_2_17_x86_64.manylinux2014_x86_64.whl (5.6 MB)
     ━━━━━━━━━━━━━━━━━━━━━━━━━━━━━━━━━━━━━━━━ 5.6/5.6 MB 58.2 MB/s eta 0:00:00
Requirement already satisfied: pydantic>=1.9 in ./lib/python3.10/site-packages (from chromadb) (2.7.4)
Collecting pypika>=0.48.9
  Downloading PyPika-0.48.9.tar.gz (67 kB)
     ━━━━━━━━━━━━━━━━━━━━━━━━━━━━━━━━━━━━━━━━ 67.3/67.3 KB 17.7 MB/s eta 0:00:00
  Installing build dependencies ... done
  Getting requirements to build wheel ... done
  Preparing metadata (pyproject.toml) ... done
Collecting opentelemetry-instrumentation-fastapi>=0.41b0
  Downloading opentelemetry_instrumentation_fastapi-0.46b0-py3-none-any.whl (11 kB)
Collecting fastapi>=0.95.2
  Downloading fastapi-0.111.0-py3-none-any.whl (91 kB)
     ━━━━━━━━━━━━━━━━━━━━━━━━━━━━━━━━━━━━━━━━ 92.0/92.0 KB 24.4 MB/s eta 0:00:00
Requirement already satisfied: PyYAML>=6.0.0 in ./lib/python3.10/site-packages (from chromadb) (6.0.1)
Collecting httpx>=0.27.0
  Downloading httpx-0.27.0-py3-none-any.whl (75 kB)
     ━━━━━━━━━━━━━━━━━━━━━━━━━━━━━━━━━━━━━━━━ 75.6/75.6 KB 19.7 MB/s eta 0:00:00
Collecting overrides>=7.3.1
  Downloading overrides-7.7.0-py3-none-any.whl (17 kB)
Collecting kubernetes>=28.1.0
  Downloading kubernetes-30.1.0-py2.py3-none-any.whl (1.7 MB)
     ━━━━━━━━━━━━━━━━━━━━━━━━━━━━━━━━━━━━━━━━ 1.7/1.7 MB 87.4 MB/s eta 0:00:00
Collecting bcrypt>=4.0.1
  Downloading bcrypt-4.1.3-cp39-abi3-manylinux_2_28_x86_64.whl (283 kB)
     ━━━━━━━━━━━━━━━━━━━━━━━━━━━━━━━━━━━━━━━━ 283.7/283.7 KB 57.1 MB/s eta 0:00:00
Requirement already satisfied: requests>=2.28 in ./lib/python3.10/site-packages (from chromadb) (2.32.3)
Collecting opentelemetry-exporter-otlp-proto-grpc>=1.2.0
  Downloading opentelemetry_exporter_otlp_proto_grpc-1.25.0-py3-none-any.whl (18 kB)
Collecting build>=1.0.3
  Downloading build-1.2.1-py3-none-any.whl (21 kB)
Collecting importlib-resources
  Downloading importlib_resources-6.4.0-py3-none-any.whl (38 kB)
Collecting onnxruntime>=1.14.1
  Downloading onnxruntime-1.18.0-cp310-cp310-manylinux_2_27_x86_64.manylinux_2_28_x86_64.whl (6.8 MB)
     ━━━━━━━━━━━━━━━━━━━━━━━━━━━━━━━━━━━━━━━━ 6.8/6.8 MB 65.2 MB/s eta 0:00:00
Collecting typer>=0.9.0
  Downloading typer-0.12.3-py3-none-any.whl (47 kB)
     ━━━━━━━━━━━━━━━━━━━━━━━━━━━━━━━━━━━━━━━━ 47.2/47.2 KB 11.4 MB/s eta 0:00:00
Collecting mmh3>=4.0.1
  Downloading mmh3-4.1.0-cp310-cp310-manylinux_2_5_x86_64.manylinux1_x86_64.manylinux_2_17_x86_64.manylinux2014_x86_64.whl (67 kB)
     ━━━━━━━━━━━━━━━━━━━━━━━━━━━━━━━━━━━━━━━━ 67.6/67.6 KB 17.6 MB/s eta 0:00:00
Requirement already satisfied: tqdm>=4.65.0 in ./lib/python3.10/site-packages (from chromadb) (4.66.4)
Collecting tokenizers>=0.13.2
  Downloading tokenizers-0.19.1-cp310-cp310-manylinux_2_17_x86_64.manylinux2014_x86_64.whl (3.6 MB)
     ━━━━━━━━━━━━━━━━━━━━━━━━━━━━━━━━━━━━━━━━ 3.6/3.6 MB 89.9 MB/s eta 0:00:00
Requirement already satisfied: orjson>=3.9.12 in ./lib/python3.10/site-packages (from chromadb) (3.10.5)
Collecting uvicorn[standard]>=0.18.3
  Downloading uvicorn-0.30.1-py3-none-any.whl (62 kB)
     ━━━━━━━━━━━━━━━━━━━━━━━━━━━━━━━━━━━━━━━━ 62.4/62.4 KB 17.1 MB/s eta 0:00:00
Collecting chroma-hnswlib==0.7.3
  Downloading chroma_hnswlib-0.7.3-cp310-cp310-manylinux_2_17_x86_64.manylinux2014_x86_64.whl (2.4 MB)
     ━━━━━━━━━━━━━━━━━━━━━━━━━━━━━━━━━━━━━━━━ 2.4/2.4 MB 60.4 MB/s eta 0:00:00
Collecting pyproject_hooks
  Downloading pyproject_hooks-1.1.0-py3-none-any.whl (9.2 kB)
Requirement already satisfied: packaging>=19.1 in ./lib/python3.10/site-packages (from build>=1.0.3->chromadb) (24.1)
Collecting tomli>=1.1.0
  Downloading tomli-2.0.1-py3-none-any.whl (12 kB)
Collecting python-multipart>=0.0.7
  Downloading python_multipart-0.0.9-py3-none-any.whl (22 kB)
Collecting email_validator>=2.0.0
  Downloading email_validator-2.2.0-py3-none-any.whl (33 kB)
Requirement already satisfied: jinja2>=2.11.2 in ./lib/python3.10/site-packages (from fastapi>=0.95.2->chromadb) (3.1.4)
Collecting ujson!=4.0.2,!=4.1.0,!=4.2.0,!=4.3.0,!=5.0.0,!=5.1.0,>=4.0.1
  Downloading ujson-5.10.0-cp310-cp310-manylinux_2_17_x86_64.manylinux2014_x86_64.whl (53 kB)
     ━━━━━━━━━━━━━━━━━━━━━━━━━━━━━━━━━━━━━━━━ 53.6/53.6 KB 13.5 MB/s eta 0:00:00
Collecting starlette<0.38.0,>=0.37.2
  Downloading starlette-0.37.2-py3-none-any.whl (71 kB)
     ━━━━━━━━━━━━━━━━━━━━━━━━━━━━━━━━━━━━━━━━ 71.9/71.9 KB 19.5 MB/s eta 0:00:00
Collecting fastapi-cli>=0.0.2
  Downloading fastapi_cli-0.0.4-py3-none-any.whl (9.5 kB)
Collecting httpcore==1.*
  Downloading httpcore-1.0.5-py3-none-any.whl (77 kB)
     ━━━━━━━━━━━━━━━━━━━━━━━━━━━━━━━━━━━━━━━━ 77.9/77.9 KB 21.2 MB/s eta 0:00:00
Requirement already satisfied: certifi in ./lib/python3.10/site-packages (from httpx>=0.27.0->chromadb) (2024.6.2)
Requirement already satisfied: idna in ./lib/python3.10/site-packages (from httpx>=0.27.0->chromadb) (3.7)
Collecting sniffio
  Downloading sniffio-1.3.1-py3-none-any.whl (10 kB)
Collecting anyio
  Downloading anyio-4.4.0-py3-none-any.whl (86 kB)
     ━━━━━━━━━━━━━━━━━━━━━━━━━━━━━━━━━━━━━━━━ 86.8/86.8 KB 24.4 MB/s eta 0:00:00
Collecting h11<0.15,>=0.13
  Downloading h11-0.14.0-py3-none-any.whl (58 kB)
     ━━━━━━━━━━━━━━━━━━━━━━━━━━━━━━━━━━━━━━━━ 58.3/58.3 KB 16.4 MB/s eta 0:00:00
Requirement already satisfied: six>=1.9.0 in ./lib/python3.10/site-packages (from kubernetes>=28.1.0->chromadb) (1.16.0)
Requirement already satisfied: python-dateutil>=2.5.3 in ./lib/python3.10/site-packages (from kubernetes>=28.1.0->chromadb) (2.9.0.post0)
Collecting websocket-client!=0.40.0,!=0.41.*,!=0.42.*,>=0.32.0
  Downloading websocket_client-1.8.0-py3-none-any.whl (58 kB)
     ━━━━━━━━━━━━━━━━━━━━━━━━━━━━━━━━━━━━━━━━ 58.8/58.8 KB 15.6 MB/s eta 0:00:00
Collecting oauthlib>=3.2.2
  Downloading oauthlib-3.2.2-py3-none-any.whl (151 kB)
     ━━━━━━━━━━━━━━━━━━━━━━━━━━━━━━━━━━━━━━━━ 151.7/151.7 KB 31.4 MB/s eta 0:00:00
Requirement already satisfied: urllib3>=1.24.2 in ./lib/python3.10/site-packages (from kubernetes>=28.1.0->chromadb) (2.2.2)
Collecting requests-oauthlib
  Downloading requests_oauthlib-2.0.0-py2.py3-none-any.whl (24 kB)
Collecting google-auth>=1.0.1
  Downloading google_auth-2.30.0-py2.py3-none-any.whl (193 kB)
     ━━━━━━━━━━━━━━━━━━━━━━━━━━━━━━━━━━━━━━━━ 193.7/193.7 KB 43.5 MB/s eta 0:00:00
Collecting protobuf
  Downloading protobuf-5.27.1-cp38-abi3-manylinux2014_x86_64.whl (309 kB)
     ━━━━━━━━━━━━━━━━━━━━━━━━━━━━━━━━━━━━━━━━ 309.2/309.2 KB 55.0 MB/s eta 0:00:00
Collecting flatbuffers
  Downloading flatbuffers-24.3.25-py2.py3-none-any.whl (26 kB)
Collecting sympy
  Downloading sympy-1.12.1-py3-none-any.whl (5.7 MB)
     ━━━━━━━━━━━━━━━━━━━━━━━━━━━━━━━━━━━━━━━━ 5.7/5.7 MB 83.0 MB/s eta 0:00:00
Collecting coloredlogs
  Downloading coloredlogs-15.0.1-py2.py3-none-any.whl (46 kB)
     ━━━━━━━━━━━━━━━━━━━━━━━━━━━━━━━━━━━━━━━━ 46.0/46.0 KB 11.6 MB/s eta 0:00:00
Collecting deprecated>=1.2.6
  Downloading Deprecated-1.2.14-py2.py3-none-any.whl (9.6 kB)
Collecting importlib-metadata<=7.1,>=6.0
  Downloading importlib_metadata-7.1.0-py3-none-any.whl (24 kB)
Collecting googleapis-common-protos~=1.52
  Downloading googleapis_common_protos-1.63.1-py2.py3-none-any.whl (229 kB)
     ━━━━━━━━━━━━━━━━━━━━━━━━━━━━━━━━━━━━━━━━ 229.2/229.2 KB 49.1 MB/s eta 0:00:00
Collecting opentelemetry-proto==1.25.0
  Downloading opentelemetry_proto-1.25.0-py3-none-any.whl (52 kB)
     ━━━━━━━━━━━━━━━━━━━━━━━━━━━━━━━━━━━━━━━━ 52.5/52.5 KB 14.4 MB/s eta 0:00:00
Collecting opentelemetry-exporter-otlp-proto-common==1.25.0
  Downloading opentelemetry_exporter_otlp_proto_common-1.25.0-py3-none-any.whl (17 kB)
Collecting protobuf
  Downloading protobuf-4.25.3-cp37-abi3-manylinux2014_x86_64.whl (294 kB)
     ━━━━━━━━━━━━━━━━━━━━━━━━━━━━━━━━━━━━━━━━ 294.6/294.6 KB 55.8 MB/s eta 0:00:00
Collecting opentelemetry-semantic-conventions==0.46b0
  Downloading opentelemetry_semantic_conventions-0.46b0-py3-none-any.whl (130 kB)
     ━━━━━━━━━━━━━━━━━━━━━━━━━━━━━━━━━━━━━━━━ 130.5/130.5 KB 32.3 MB/s eta 0:00:00
Collecting opentelemetry-util-http==0.46b0
  Downloading opentelemetry_util_http-0.46b0-py3-none-any.whl (6.9 kB)
Collecting opentelemetry-instrumentation-asgi==0.46b0
  Downloading opentelemetry_instrumentation_asgi-0.46b0-py3-none-any.whl (14 kB)
Collecting opentelemetry-instrumentation==0.46b0
  Downloading opentelemetry_instrumentation-0.46b0-py3-none-any.whl (29 kB)
Requirement already satisfied: setuptools>=16.0 in ./lib/python3.10/site-packages (from opentelemetry-instrumentation==0.46b0->opentelemetry-instrumentation-fastapi>=0.41b0->chromadb) (59.6.0)
Collecting wrapt<2.0.0,>=1.0.0
  Downloading wrapt-1.16.0-cp310-cp310-manylinux_2_5_x86_64.manylinux1_x86_64.manylinux_2_17_x86_64.manylinux2014_x86_64.whl (80 kB)
     ━━━━━━━━━━━━━━━━━━━━━━━━━━━━━━━━━━━━━━━━ 80.3/80.3 KB 20.5 MB/s eta 0:00:00
Collecting asgiref~=3.0
  Downloading asgiref-3.8.1-py3-none-any.whl (23 kB)
Collecting monotonic>=1.5
  Downloading monotonic-1.6-py2.py3-none-any.whl (8.2 kB)
Collecting backoff>=1.10.0
  Downloading backoff-2.2.1-py3-none-any.whl (15 kB)
Requirement already satisfied: pydantic-core==2.18.4 in ./lib/python3.10/site-packages (from pydantic>=1.9->chromadb) (2.18.4)
Requirement already satisfied: annotated-types>=0.4.0 in ./lib/python3.10/site-packages (from pydantic>=1.9->chromadb) (0.7.0)
Requirement already satisfied: charset-normalizer<4,>=2 in ./lib/python3.10/site-packages (from requests>=2.28->chromadb) (3.3.2)
Collecting huggingface-hub<1.0,>=0.16.4
  Downloading huggingface_hub-0.23.4-py3-none-any.whl (402 kB)
     ━━━━━━━━━━━━━━━━━━━━━━━━━━━━━━━━━━━━━━━━ 402.6/402.6 KB 69.6 MB/s eta 0:00:00
Collecting click>=8.0.0
  Downloading click-8.1.7-py3-none-any.whl (97 kB)
     ━━━━━━━━━━━━━━━━━━━━━━━━━━━━━━━━━━━━━━━━ 97.9/97.9 KB 27.9 MB/s eta 0:00:00
Collecting shellingham>=1.3.0
  Downloading shellingham-1.5.4-py2.py3-none-any.whl (9.8 kB)
Collecting rich>=10.11.0
  Downloading rich-13.7.1-py3-none-any.whl (240 kB)
     ━━━━━━━━━━━━━━━━━━━━━━━━━━━━━━━━━━━━━━━━ 240.7/240.7 KB 52.6 MB/s eta 0:00:00
Collecting uvloop!=0.15.0,!=0.15.1,>=0.14.0
  Downloading uvloop-0.19.0-cp310-cp310-manylinux_2_17_x86_64.manylinux2014_x86_64.whl (3.4 MB)
     ━━━━━━━━━━━━━━━━━━━━━━━━━━━━━━━━━━━━━━━━ 3.4/3.4 MB 88.2 MB/s eta 0:00:00
Collecting httptools>=0.5.0
  Downloading httptools-0.6.1-cp310-cp310-manylinux_2_5_x86_64.manylinux1_x86_64.manylinux_2_17_x86_64.manylinux2014_x86_64.whl (341 kB)
     ━━━━━━━━━━━━━━━━━━━━━━━━━━━━━━━━━━━━━━━━ 341.4/341.4 KB 61.8 MB/s eta 0:00:00
Collecting python-dotenv>=0.13
  Downloading python_dotenv-1.0.1-py3-none-any.whl (19 kB)
Collecting websockets>=10.4
  Downloading websockets-12.0-cp310-cp310-manylinux_2_5_x86_64.manylinux1_x86_64.manylinux_2_17_x86_64.manylinux2014_x86_64.whl (130 kB)
     ━━━━━━━━━━━━━━━━━━━━━━━━━━━━━━━━━━━━━━━━ 130.2/130.2 KB 33.7 MB/s eta 0:00:00
Collecting watchfiles>=0.13
  Downloading watchfiles-0.22.0-cp310-cp310-manylinux_2_17_x86_64.manylinux2014_x86_64.whl (1.2 MB)
     ━━━━━━━━━━━━━━━━━━━━━━━━━━━━━━━━━━━━━━━━ 1.2/1.2 MB 90.7 MB/s eta 0:00:00
Collecting dnspython>=2.0.0
  Downloading dnspython-2.6.1-py3-none-any.whl (307 kB)
     ━━━━━━━━━━━━━━━━━━━━━━━━━━━━━━━━━━━━━━━━ 307.7/307.7 KB 56.7 MB/s eta 0:00:00
Collecting pyasn1-modules>=0.2.1
  Downloading pyasn1_modules-0.4.0-py3-none-any.whl (181 kB)
     ━━━━━━━━━━━━━━━━━━━━━━━━━━━━━━━━━━━━━━━━ 181.2/181.2 KB 42.5 MB/s eta 0:00:00
Collecting rsa<5,>=3.1.4
  Downloading rsa-4.9-py3-none-any.whl (34 kB)
Collecting cachetools<6.0,>=2.0.0
  Downloading cachetools-5.3.3-py3-none-any.whl (9.3 kB)
Requirement already satisfied: fsspec>=2023.5.0 in ./lib/python3.10/site-packages (from huggingface-hub<1.0,>=0.16.4->tokenizers>=0.13.2->chromadb) (2024.6.0)
Collecting filelock
  Downloading filelock-3.15.4-py3-none-any.whl (16 kB)
Collecting zipp>=0.5
  Downloading zipp-3.19.2-py3-none-any.whl (9.0 kB)
Requirement already satisfied: MarkupSafe>=2.0 in ./lib/python3.10/site-packages (from jinja2>=2.11.2->fastapi>=0.95.2->chromadb) (2.1.5)
Collecting markdown-it-py>=2.2.0
  Downloading markdown_it_py-3.0.0-py3-none-any.whl (87 kB)
     ━━━━━━━━━━━━━━━━━━━━━━━━━━━━━━━━━━━━━━━━ 87.5/87.5 KB 22.7 MB/s eta 0:00:00
Collecting pygments<3.0.0,>=2.13.0
  Downloading pygments-2.18.0-py3-none-any.whl (1.2 MB)
     ━━━━━━━━━━━━━━━━━━━━━━━━━━━━━━━━━━━━━━━━ 1.2/1.2 MB 88.2 MB/s eta 0:00:00
Collecting exceptiongroup>=1.0.2
  Downloading exceptiongroup-1.2.1-py3-none-any.whl (16 kB)
Collecting humanfriendly>=9.1
  Downloading humanfriendly-10.0-py2.py3-none-any.whl (86 kB)
     ━━━━━━━━━━━━━━━━━━━━━━━━━━━━━━━━━━━━━━━━ 86.8/86.8 KB 20.6 MB/s eta 0:00:00
Collecting mpmath<1.4.0,>=1.1.0
  Downloading mpmath-1.3.0-py3-none-any.whl (536 kB)
     ━━━━━━━━━━━━━━━━━━━━━━━━━━━━━━━━━━━━━━━━ 536.2/536.2 KB 67.4 MB/s eta 0:00:00
Collecting mdurl~=0.1
  Downloading mdurl-0.1.2-py3-none-any.whl (10.0 kB)
Collecting pyasn1<0.7.0,>=0.4.6
  Downloading pyasn1-0.6.0-py2.py3-none-any.whl (85 kB)
     ━━━━━━━━━━━━━━━━━━━━━━━━━━━━━━━━━━━━━━━━ 85.3/85.3 KB 22.1 MB/s eta 0:00:00
Building wheels for collected packages: pypika
  Building wheel for pypika (pyproject.toml) ... done
  Created wheel for pypika: filename=PyPika-0.48.9-py2.py3-none-any.whl size=53725 sha256=32381cc697cdf13f70085cbbea4af27464a828fb68910ce6278380e8798488b2
  Stored in directory: /home/ubuntu/.cache/pip/wheels/e1/26/51/d0bffb3d2fd82256676d7ad3003faea3bd6dddc9577af665f4
Successfully built pypika
Installing collected packages: pypika, mpmath, monotonic, mmh3, flatbuffers, zipp, wrapt, websockets, websocket-client, uvloop, ujson, tomli, sympy, sniffio, shellingham, python-multipart, python-dotenv, pyproject_hooks, pygments, pyasn1, protobuf, overrides, opentelemetry-util-http, oauthlib, mdurl, importlib-resources, humanfriendly, httptools, h11, grpcio, filelock, exceptiongroup, dnspython, click, chroma-hnswlib, cachetools, bcrypt, backoff, asgiref, uvicorn, rsa, requests-oauthlib, pyasn1-modules, posthog, opentelemetry-proto, markdown-it-py, importlib-metadata, huggingface-hub, httpcore, googleapis-common-protos, email_validator, deprecated, coloredlogs, build, anyio, watchfiles, tokenizers, starlette, rich, opentelemetry-exporter-otlp-proto-common, opentelemetry-api, onnxruntime, httpx, google-auth, typer, opentelemetry-semantic-conventions, opentelemetry-instrumentation, kubernetes, opentelemetry-sdk, opentelemetry-instrumentation-asgi, fastapi-cli, opentelemetry-instrumentation-fastapi, opentelemetry-exporter-otlp-proto-grpc, fastapi, chromadb
Successfully installed anyio-4.4.0 asgiref-3.8.1 backoff-2.2.1 bcrypt-4.1.3 build-1.2.1 cachetools-5.3.3 chroma-hnswlib-0.7.3 chromadb-0.5.3 click-8.1.7 coloredlogs-15.0.1 deprecated-1.2.14 dnspython-2.6.1 email_validator-2.2.0 exceptiongroup-1.2.1 fastapi-0.111.0 fastapi-cli-0.0.4 filelock-3.15.4 flatbuffers-24.3.25 google-auth-2.30.0 googleapis-common-protos-1.63.1 grpcio-1.64.1 h11-0.14.0 httpcore-1.0.5 httptools-0.6.1 httpx-0.27.0 huggingface-hub-0.23.4 humanfriendly-10.0 importlib-metadata-7.1.0 importlib-resources-6.4.0 kubernetes-30.1.0 markdown-it-py-3.0.0 mdurl-0.1.2 mmh3-4.1.0 monotonic-1.6 mpmath-1.3.0 oauthlib-3.2.2 onnxruntime-1.18.0 opentelemetry-api-1.25.0 opentelemetry-exporter-otlp-proto-common-1.25.0 opentelemetry-exporter-otlp-proto-grpc-1.25.0 opentelemetry-instrumentation-0.46b0 opentelemetry-instrumentation-asgi-0.46b0 opentelemetry-instrumentation-fastapi-0.46b0 opentelemetry-proto-1.25.0 opentelemetry-sdk-1.25.0 opentelemetry-semantic-conventions-0.46b0 opentelemetry-util-http-0.46b0 overrides-7.7.0 posthog-3.5.0 protobuf-4.25.3 pyasn1-0.6.0 pyasn1-modules-0.4.0 pygments-2.18.0 pypika-0.48.9 pyproject_hooks-1.1.0 python-dotenv-1.0.1 python-multipart-0.0.9 requests-oauthlib-2.0.0 rich-13.7.1 rsa-4.9 shellingham-1.5.4 sniffio-1.3.1 starlette-0.37.2 sympy-1.12.1 tokenizers-0.19.1 tomli-2.0.1 typer-0.12.3 ujson-5.10.0 uvicorn-0.30.1 uvloop-0.19.0 watchfiles-0.22.0 websocket-client-1.8.0 websockets-12.0 wrapt-1.16.0 zipp-3.19.2
(ouenv) ubuntu@instance-20240622-2327:~/ouenv$ 



(ouenv) ubuntu@instance-20240622-2327:~/ouenv$ pip install streamlit
Collecting streamlit
  Downloading streamlit-1.36.0-py2.py3-none-any.whl (8.6 MB)
     ━━━━━━━━━━━━━━━━━━━━━━━━━━━━━━━━━━━━━━━━ 8.6/8.6 MB 39.6 MB/s eta 0:00:00
Collecting toml<2,>=0.10.1
  Downloading toml-0.10.2-py2.py3-none-any.whl (16 kB)
Collecting pyarrow>=7.0
  Downloading pyarrow-16.1.0-cp310-cp310-manylinux_2_28_x86_64.whl (40.8 MB)
     ━━━━━━━━━━━━━━━━━━━━━━━━━━━━━━━━━━━━━━━━ 40.8/40.8 MB 28.2 MB/s eta 0:00:00
Requirement already satisfied: pandas<3,>=1.3.0 in ./lib/python3.10/site-packages (from streamlit) (2.2.2)
Collecting watchdog<5,>=2.1.5
  Downloading watchdog-4.0.1-py3-none-manylinux2014_x86_64.whl (83 kB)
     ━━━━━━━━━━━━━━━━━━━━━━━━━━━━━━━━━━━━━━━━ 83.0/83.0 KB 21.6 MB/s eta 0:00:00
Requirement already satisfied: numpy<3,>=1.20 in ./lib/python3.10/site-packages (from streamlit) (1.26.4)
Requirement already satisfied: click<9,>=7.0 in ./lib/python3.10/site-packages (from streamlit) (8.1.7)
Requirement already satisfied: gitpython!=3.1.19,<4,>=3.0.7 in ./lib/python3.10/site-packages (from streamlit) (3.1.43)
Requirement already satisfied: requests<3,>=2.27 in ./lib/python3.10/site-packages (from streamlit) (2.32.3)
Requirement already satisfied: protobuf<6,>=3.20 in ./lib/python3.10/site-packages (from streamlit) (4.25.3)
Requirement already satisfied: rich<14,>=10.14.0 in ./lib/python3.10/site-packages (from streamlit) (13.7.1)
Requirement already satisfied: packaging<25,>=20 in ./lib/python3.10/site-packages (from streamlit) (24.1)
Collecting blinker<2,>=1.0.0
  Downloading blinker-1.8.2-py3-none-any.whl (9.5 kB)
Requirement already satisfied: cachetools<6,>=4.0 in ./lib/python3.10/site-packages (from streamlit) (5.3.3)
Collecting altair<6,>=4.0
  Downloading altair-5.3.0-py3-none-any.whl (857 kB)
     ━━━━━━━━━━━━━━━━━━━━━━━━━━━━━━━━━━━━━━━━ 857.8/857.8 KB 77.9 MB/s eta 0:00:00
Collecting pydeck<1,>=0.8.0b4
  Downloading pydeck-0.9.1-py2.py3-none-any.whl (6.9 MB)
     ━━━━━━━━━━━━━━━━━━━━━━━━━━━━━━━━━━━━━━━━ 6.9/6.9 MB 79.7 MB/s eta 0:00:00
Collecting tornado<7,>=6.0.3
  Downloading tornado-6.4.1-cp38-abi3-manylinux_2_5_x86_64.manylinux1_x86_64.manylinux_2_17_x86_64.manylinux2014_x86_64.whl (436 kB)
     ━━━━━━━━━━━━━━━━━━━━━━━━━━━━━━━━━━━━━━━━ 436.8/436.8 KB 67.4 MB/s eta 0:00:00
Requirement already satisfied: typing-extensions<5,>=4.3.0 in ./lib/python3.10/site-packages (from streamlit) (4.12.2)
Requirement already satisfied: pillow<11,>=7.1.0 in ./lib/python3.10/site-packages (from streamlit) (10.3.0)
Requirement already satisfied: tenacity<9,>=8.1.0 in ./lib/python3.10/site-packages (from streamlit) (8.4.1)
Requirement already satisfied: jsonschema>=3.0 in ./lib/python3.10/site-packages (from altair<6,>=4.0->streamlit) (4.22.0)
Requirement already satisfied: jinja2 in ./lib/python3.10/site-packages (from altair<6,>=4.0->streamlit) (3.1.4)
Collecting toolz
  Downloading toolz-0.12.1-py3-none-any.whl (56 kB)
     ━━━━━━━━━━━━━━━━━━━━━━━━━━━━━━━━━━━━━━━━ 56.1/56.1 KB 15.8 MB/s eta 0:00:00
Requirement already satisfied: gitdb<5,>=4.0.1 in ./lib/python3.10/site-packages (from gitpython!=3.1.19,<4,>=3.0.7->streamlit) (4.0.11)
Requirement already satisfied: pytz>=2020.1 in ./lib/python3.10/site-packages (from pandas<3,>=1.3.0->streamlit) (2024.1)
Requirement already satisfied: python-dateutil>=2.8.2 in ./lib/python3.10/site-packages (from pandas<3,>=1.3.0->streamlit) (2.9.0.post0)
Requirement already satisfied: tzdata>=2022.7 in ./lib/python3.10/site-packages (from pandas<3,>=1.3.0->streamlit) (2024.1)
Requirement already satisfied: urllib3<3,>=1.21.1 in ./lib/python3.10/site-packages (from requests<3,>=2.27->streamlit) (2.2.2)
Requirement already satisfied: idna<4,>=2.5 in ./lib/python3.10/site-packages (from requests<3,>=2.27->streamlit) (3.7)
Requirement already satisfied: certifi>=2017.4.17 in ./lib/python3.10/site-packages (from requests<3,>=2.27->streamlit) (2024.6.2)
Requirement already satisfied: charset-normalizer<4,>=2 in ./lib/python3.10/site-packages (from requests<3,>=2.27->streamlit) (3.3.2)
Requirement already satisfied: markdown-it-py>=2.2.0 in ./lib/python3.10/site-packages (from rich<14,>=10.14.0->streamlit) (3.0.0)
Requirement already satisfied: pygments<3.0.0,>=2.13.0 in ./lib/python3.10/site-packages (from rich<14,>=10.14.0->streamlit) (2.18.0)
Requirement already satisfied: smmap<6,>=3.0.1 in ./lib/python3.10/site-packages (from gitdb<5,>=4.0.1->gitpython!=3.1.19,<4,>=3.0.7->streamlit) (5.0.1)
Requirement already satisfied: MarkupSafe>=2.0 in ./lib/python3.10/site-packages (from jinja2->altair<6,>=4.0->streamlit) (2.1.5)
Requirement already satisfied: rpds-py>=0.7.1 in ./lib/python3.10/site-packages (from jsonschema>=3.0->altair<6,>=4.0->streamlit) (0.18.1)
Requirement already satisfied: attrs>=22.2.0 in ./lib/python3.10/site-packages (from jsonschema>=3.0->altair<6,>=4.0->streamlit) (23.2.0)
Requirement already satisfied: referencing>=0.28.4 in ./lib/python3.10/site-packages (from jsonschema>=3.0->altair<6,>=4.0->streamlit) (0.35.1)
Requirement already satisfied: jsonschema-specifications>=2023.03.6 in ./lib/python3.10/site-packages (from jsonschema>=3.0->altair<6,>=4.0->streamlit) (2023.12.1)
Requirement already satisfied: mdurl~=0.1 in ./lib/python3.10/site-packages (from markdown-it-py>=2.2.0->rich<14,>=10.14.0->streamlit) (0.1.2)
Requirement already satisfied: six>=1.5 in ./lib/python3.10/site-packages (from python-dateutil>=2.8.2->pandas<3,>=1.3.0->streamlit) (1.16.0)
Installing collected packages: watchdog, tornado, toolz, toml, pyarrow, blinker, pydeck, altair, streamlit
Successfully installed altair-5.3.0 blinker-1.8.2 pyarrow-16.1.0 pydeck-0.9.1 streamlit-1.36.0 toml-0.10.2 toolz-0.12.1 tornado-6.4.1 watchdog-4.0.1
(ouenv) ubuntu@instance-20240622-2327:~/ouenv$ 





(ouenv) ubuntu@instance-20240622-2327:~/ouenv$ pip install python-multipart
Requirement already satisfied: python-multipart in ./lib/python3.10/site-packages (0.0.9)
(ouenv) ubuntu@instance-20240622-2327:~/ouenv$ 



(ouenv) ubuntu@instance-20240622-2327:~/ouenv$ pip install pydantic
Requirement already satisfied: pydantic in ./lib/python3.10/site-packages (2.7.4)
Requirement already satisfied: typing-extensions>=4.6.1 in ./lib/python3.10/site-packages (from pydantic) (4.12.2)
Requirement already satisfied: pydantic-core==2.18.4 in ./lib/python3.10/site-packages (from pydantic) (2.18.4)
Requirement already satisfied: annotated-types>=0.4.0 in ./lib/python3.10/site-packages (from pydantic) (0.7.0)
(ouenv) ubuntu@instance-20240622-2327:~/ouenv$ 


(ouenv) ubuntu@instance-20240622-2327:~/ouenv$ pip install pypdf
Collecting pypdf
  Downloading pypdf-4.2.0-py3-none-any.whl (290 kB)
     ━━━━━━━━━━━━━━━━━━━━━━━━━━━━━━━━━━━━━━━━ 290.4/290.4 KB 4.5 MB/s eta 0:00:00
Requirement already satisfied: typing_extensions>=4.0 in ./lib/python3.10/site-packages (from pypdf) (4.12.2)
Installing collected packages: pypdf
Successfully installed pypdf-4.2.0
(ouenv) ubuntu@instance-20240622-2327:~/ouenv$ 




(ouenv) ubuntu@instance-20240622-2327:~/ouenv$ sudo iptable -I INPUT 6 -m state --state NEW -p tcp --dport 8501 -j ACCEPT
sudo: iptable: command not found
(ouenv) ubuntu@instance-20240622-2327:~/ouenv$ sudo iptables -I INPUT 6 -m state --state NEW -p tcp --dport 8501 -j ACCEPT
(ouenv) ubuntu@instance-20240622-2327:~/ouenv$ 




(ouenv) ubuntu@instance-20240622-2327:~/src$ python3 demo-chroma-create.py 
Traceback (most recent call last):
  File "/home/ubuntu/src/demo-chroma-create.py", line 1, in <module>
    from langchain_community.embeddings import OCIGenAIEmbeddings
ModuleNotFoundError: No module named 'langchain_community'
(ouenv) ubuntu@instance-20240622-2327:~/src$ pip install langchain_community
Collecting langchain_community
  Downloading langchain_community-0.2.5-py3-none-any.whl (2.2 MB)
     ━━━━━━━━━━━━━━━━━━━━━━━━━━━━━━━━━━━━━━━━ 2.2/2.2 MB 17.7 MB/s eta 0:00:00
Requirement already satisfied: langchain-core<0.3.0,>=0.2.7 in /home/ubuntu/ouenv/lib/python3.10/site-packages (from langchain_community) (0.2.9)
Requirement already satisfied: numpy<2,>=1 in /home/ubuntu/ouenv/lib/python3.10/site-packages (from langchain_community) (1.26.4)
Requirement already satisfied: PyYAML>=5.3 in /home/ubuntu/ouenv/lib/python3.10/site-packages (from langchain_community) (6.0.1)
Requirement already satisfied: SQLAlchemy<3,>=1.4 in /home/ubuntu/ouenv/lib/python3.10/site-packages (from langchain_community) (2.0.31)
Requirement already satisfied: aiohttp<4.0.0,>=3.8.3 in /home/ubuntu/ouenv/lib/python3.10/site-packages (from langchain_community) (3.9.5)
Requirement already satisfied: langsmith<0.2.0,>=0.1.0 in /home/ubuntu/ouenv/lib/python3.10/site-packages (from langchain_community) (0.1.81)
Requirement already satisfied: tenacity<9.0.0,>=8.1.0 in /home/ubuntu/ouenv/lib/python3.10/site-packages (from langchain_community) (8.4.1)
Collecting dataclasses-json<0.7,>=0.5.7
  Downloading dataclasses_json-0.6.7-py3-none-any.whl (28 kB)
Requirement already satisfied: langchain<0.3.0,>=0.2.5 in /home/ubuntu/ouenv/lib/python3.10/site-packages (from langchain_community) (0.2.5)
Requirement already satisfied: requests<3,>=2 in /home/ubuntu/ouenv/lib/python3.10/site-packages (from langchain_community) (2.32.3)
Requirement already satisfied: frozenlist>=1.1.1 in /home/ubuntu/ouenv/lib/python3.10/site-packages (from aiohttp<4.0.0,>=3.8.3->langchain_community) (1.4.1)
Requirement already satisfied: async-timeout<5.0,>=4.0 in /home/ubuntu/ouenv/lib/python3.10/site-packages (from aiohttp<4.0.0,>=3.8.3->langchain_community) (4.0.3)
Requirement already satisfied: aiosignal>=1.1.2 in /home/ubuntu/ouenv/lib/python3.10/site-packages (from aiohttp<4.0.0,>=3.8.3->langchain_community) (1.3.1)
Requirement already satisfied: multidict<7.0,>=4.5 in /home/ubuntu/ouenv/lib/python3.10/site-packages (from aiohttp<4.0.0,>=3.8.3->langchain_community) (6.0.5)
Requirement already satisfied: attrs>=17.3.0 in /home/ubuntu/ouenv/lib/python3.10/site-packages (from aiohttp<4.0.0,>=3.8.3->langchain_community) (23.2.0)
Requirement already satisfied: yarl<2.0,>=1.0 in /home/ubuntu/ouenv/lib/python3.10/site-packages (from aiohttp<4.0.0,>=3.8.3->langchain_community) (1.9.4)
Collecting typing-inspect<1,>=0.4.0
  Downloading typing_inspect-0.9.0-py3-none-any.whl (8.8 kB)
Collecting marshmallow<4.0.0,>=3.18.0
  Downloading marshmallow-3.21.3-py3-none-any.whl (49 kB)
     ━━━━━━━━━━━━━━━━━━━━━━━━━━━━━━━━━━━━━━━━ 49.2/49.2 KB 8.9 MB/s eta 0:00:00
Requirement already satisfied: pydantic<3,>=1 in /home/ubuntu/ouenv/lib/python3.10/site-packages (from langchain<0.3.0,>=0.2.5->langchain_community) (2.7.4)
Requirement already satisfied: langchain-text-splitters<0.3.0,>=0.2.0 in /home/ubuntu/ouenv/lib/python3.10/site-packages (from langchain<0.3.0,>=0.2.5->langchain_community) (0.2.1)
Requirement already satisfied: packaging<25,>=23.2 in /home/ubuntu/ouenv/lib/python3.10/site-packages (from langchain-core<0.3.0,>=0.2.7->langchain_community) (24.1)
Requirement already satisfied: jsonpatch<2.0,>=1.33 in /home/ubuntu/ouenv/lib/python3.10/site-packages (from langchain-core<0.3.0,>=0.2.7->langchain_community) (1.33)
Requirement already satisfied: orjson<4.0.0,>=3.9.14 in /home/ubuntu/ouenv/lib/python3.10/site-packages (from langsmith<0.2.0,>=0.1.0->langchain_community) (3.10.5)
Requirement already satisfied: idna<4,>=2.5 in /home/ubuntu/ouenv/lib/python3.10/site-packages (from requests<3,>=2->langchain_community) (3.7)
Requirement already satisfied: charset-normalizer<4,>=2 in /home/ubuntu/ouenv/lib/python3.10/site-packages (from requests<3,>=2->langchain_community) (3.3.2)
Requirement already satisfied: certifi>=2017.4.17 in /home/ubuntu/ouenv/lib/python3.10/site-packages (from requests<3,>=2->langchain_community) (2024.6.2)
Requirement already satisfied: urllib3<3,>=1.21.1 in /home/ubuntu/ouenv/lib/python3.10/site-packages (from requests<3,>=2->langchain_community) (2.2.2)
Requirement already satisfied: typing-extensions>=4.6.0 in /home/ubuntu/ouenv/lib/python3.10/site-packages (from SQLAlchemy<3,>=1.4->langchain_community) (4.12.2)
Requirement already satisfied: greenlet!=0.4.17 in /home/ubuntu/ouenv/lib/python3.10/site-packages (from SQLAlchemy<3,>=1.4->langchain_community) (3.0.3)
Requirement already satisfied: jsonpointer>=1.9 in /home/ubuntu/ouenv/lib/python3.10/site-packages (from jsonpatch<2.0,>=1.33->langchain-core<0.3.0,>=0.2.7->langchain_community) (3.0.0)
Requirement already satisfied: annotated-types>=0.4.0 in /home/ubuntu/ouenv/lib/python3.10/site-packages (from pydantic<3,>=1->langchain<0.3.0,>=0.2.5->langchain_community) (0.7.0)
Requirement already satisfied: pydantic-core==2.18.4 in /home/ubuntu/ouenv/lib/python3.10/site-packages (from pydantic<3,>=1->langchain<0.3.0,>=0.2.5->langchain_community) (2.18.4)
Collecting mypy-extensions>=0.3.0
  Downloading mypy_extensions-1.0.0-py3-none-any.whl (4.7 kB)
Installing collected packages: mypy-extensions, marshmallow, typing-inspect, dataclasses-json, langchain_community
Successfully installed dataclasses-json-0.6.7 langchain_community-0.2.5 marshmallow-3.21.3 mypy-extensions-1.0.0 typing-inspect-0.9.0
(ouenv) ubuntu@instance-20240622-2327:~/src$ 




Successfully installed dataclasses-json-0.6.7 langchain_community-0.2.5 marshmallow-3.21.3 mypy-extensions-1.0.0 typing-inspect-0.9.0
(ouenv) ubuntu@instance-20240622-2327:~/src$ python3 demo-chroma-create.py 
Total number of documents: 775
Traceback (most recent call last):
  File "/home/ubuntu/src/demo-chroma-create.py", line 23, in <module>
    embeddings = OCIGenAIEmbeddings(
  File "/home/ubuntu/ouenv/lib/python3.10/site-packages/pydantic/v1/main.py", line 341, in __init__
    raise validation_error
pydantic.v1.error_wrappers.ValidationError: 1 validation error for OCIGenAIEmbeddings
__root__
  Could not authenticate with OCI client. Please check if ~/.oci/config exists. If INSTANCE_PRINCIPLE or RESOURCE_PRINCIPLE is used, Please check the specified auth_profile and auth_type are valid. (type=value_error)
(ouenv) ubuntu@instance-20240622-2327:~/src$ 


==================
(base) Rajeshs-MacBook-Pro:~ rajeshranjan$ 
(base) Rajeshs-MacBook-Pro:~ rajeshranjan$ pwd
/Users/rajeshranjan
(base) Rajeshs-MacBook-Pro:~ rajeshranjan$ cd .oci
(base) Rajeshs-MacBook-Pro:.oci rajeshranjan$ ls
config          oci_api_key.pem     oci_api_key_public.pem
(base) Rajeshs-MacBook-Pro:.oci rajeshranjan$ pwd
/Users/rajeshranjan/.oci
(base) Rajeshs-MacBook-Pro:.oci rajeshranjan$ scp -r -i /Users/rajeshranjan/RajeshWork/Oracle_Gen_AI/Links_info_POC/Latest_VM_Keys/ubuntu-vm-priv.key /Users/rajeshranjan/.oci/* ubuntu@149.130.223.84:/home/ubuntu/.oci
config                                                                                                                                                                100%  294     1.2KB/s   00:00    
oci_api_key.pem                                                                                                                                                       100% 1730     5.5KB/s   00:00    
oci_api_key_public.pem                                                                                                                                                100%  458     1.4KB/s   00:00    
(base) Rajeshs-MacBook-Pro:.oci rajeshranjan$ 
===========================


(ouenv) ubuntu@instance-20240622-2327:~/src$ cd home/ubuntu
-bash: cd: home/ubuntu: No such file or directory
(ouenv) ubuntu@instance-20240622-2327:~/src$ pwd
/home/ubuntu/src
(ouenv) ubuntu@instance-20240622-2327:~/src$ cd ..
(ouenv) ubuntu@instance-20240622-2327:~$ ls
ouenv  src
(ouenv) ubuntu@instance-20240622-2327:~$ mkdir .oci
(ouenv) ubuntu@instance-20240622-2327:~$ cd .oci
(ouenv) ubuntu@instance-20240622-2327:~/.oci$ ls
(ouenv) ubuntu@instance-20240622-2327:~/.oci$ pwd
/home/ubuntu/.oci
(ouenv) ubuntu@instance-20240622-2327:~/.oci$ ls -ltr
total 12
-rw------- 1 ubuntu ubuntu  294 Jun 22 16:40 config
-rw-r--r-- 1 ubuntu ubuntu 1730 Jun 22 16:40 oci_api_key.pem
-rw-r--r-- 1 ubuntu ubuntu  458 Jun 22 16:40 oci_api_key_public.pem
(ouenv) ubuntu@instance-20240622-2327:~/.oci$ 




(ouenv) ubuntu@instance-20240622-2327:~/.oci$ python3 demo-chroma-create.py
python3: can't open file '/home/ubuntu/.oci/demo-chroma-create.py': [Errno 2] No such file or directory
(ouenv) ubuntu@instance-20240622-2327:~/.oci$ pwd
/home/ubuntu/.oci
(ouenv) ubuntu@instance-20240622-2327:~/.oci$ cd ../src/
(ouenv) ubuntu@instance-20240622-2327:~/src$ ls
TOGAF-EA-BoK-Set-Distr1.pdf  demo-chroma-create.py  demo-ou-chatbot-chroma-final.py  pdf-docs
(ouenv) ubuntu@instance-20240622-2327:~/src$ python3 demo-chroma-create.py
Total number of documents: 775
0 96
96 192
192 288
288 384
384 480
480 576
576 672
672 768
768 864
/home/ubuntu/ouenv/lib/python3.10/site-packages/langchain_core/_api/deprecation.py:139: LangChainDeprecationWarning: Since Chroma 0.4.x the manual persistence method is no longer supported as docs are automatically persisted.
  warn_deprecated(
(ouenv) ubuntu@instance-20240622-2327:~/src$ 


(ouenv) ubuntu@instance-20240622-2327:~/src$ nohup chroma run --path /chromadb >>chroma.log &
[1] 8279
(ouenv) ubuntu@instance-20240622-2327:~/src$ nohup: ignoring input and redirecting stderr to stdout

[1]+  Exit 1                  nohup chroma run --path /chromadb >> chroma.log
(ouenv) ubuntu@instance-20240622-2327:~/src$ 






(ouenv) ubuntu@instance-20240622-2327:~/src$ nohup chroma run --path /chromadb >>chroma.log &
[1] 8279
(ouenv) ubuntu@instance-20240622-2327:~/src$ nohup: ignoring input and redirecting stderr to stdout

[1]+  Exit 1                  nohup chroma run --path /chromadb >> chroma.log
(ouenv) ubuntu@instance-20240622-2327:~/src$ ps |grep chroma
(ouenv) ubuntu@instance-20240622-2327:~/src$ ls -ltr
total 4672
-rw-r--r-- 1 ubuntu ubuntu    4217 Jun 22 16:05 demo-ou-chatbot-chroma-final.py
-rw-r--r-- 1 ubuntu ubuntu    1875 Jun 22 16:05 demo-chroma-create.py
-rw-r--r-- 1 ubuntu ubuntu 4688666 Jun 22 16:06 TOGAF-EA-BoK-Set-Distr1.pdf
drwxrwxr-x 2 ubuntu ubuntu    4096 Jun 22 16:10 pdf-docs
drwxrwxr-x 3 ubuntu ubuntu    4096 Jun 22 16:42 chromadb
-rw-rw-r-- 1 ubuntu ubuntu   73038 Jun 22 16:44 chroma.log
(ouenv) ubuntu@instance-20240622-2327:~/src$ 
(ouenv) ubuntu@instance-20240622-2327:~/src$ 
(ouenv) ubuntu@instance-20240622-2327:~/src$ 
(ouenv) ubuntu@instance-20240622-2327:~/src$ nohup chroma run --path ./chromadb >>chroma.log &
[1] 8305
(ouenv) ubuntu@instance-20240622-2327:~/src$ nohup: ignoring input and redirecting stderr to stdout

(ouenv) ubuntu@instance-20240622-2327:~/src$ ps -ef|grep chroma
ubuntu      8305    2371  3 16:51 pts/0    00:00:01 /home/ubuntu/ouenv/bin/python /home/ubuntu/ouenv/bin/chroma run --path ./chromadb
ubuntu      8316    2371  0 16:52 pts/0    00:00:00 grep --color=auto chroma
(ouenv) ubuntu@instance-20240622-2327:~/src$ 


(ouenv) ubuntu@instance-20240622-2327:~/src$ nohup streamlit run demo-ou-chatbot-chroma-final.py &
[2] 8349
(ouenv) ubuntu@instance-20240622-2327:~/src$ nohup: ignoring input and appending output to 'nohup.out'

(ouenv) ubuntu@instance-20240622-2327:~/src$ 




(ouenv) ubuntu@instance-20240622-2327:~/src$ ps -ef|grep chroma
ubuntu      8305    2371  0 16:51 pts/0    00:00:02 /home/ubuntu/ouenv/bin/python /home/ubuntu/ouenv/bin/chroma run --path ./chromadb
ubuntu      8349    2371  0 16:56 pts/0    00:00:04 /home/ubuntu/ouenv/bin/python /home/ubuntu/ouenv/bin/streamlit run demo-ou-chatbot-chroma-final.py
ubuntu      8421    2371  0 17:07 pts/0    00:00:00 grep --color=auto chroma
(ouenv) ubuntu@instance-20240622-2327:~/src$ 

